ASSERTION	AAEAAR5XYXJtIG5vZGVqczpkZWZhdWx0IGludm9jYXRpb24EAAECBwAAAAAAAABZQA==
ASSERTION	AAEAAR5XYXJtIG5vZGVqczpkZWZhdWx0IGludm9jYXRpb24EAAECBgAAAAAAAABZQA==
ASSERTION	AAEAAR5XYXJtIG5vZGVqczpkZWZhdWx0IGludm9jYXRpb24BAAIHAAAAAAAAAAAA
ASSERTION	AAEAAR5XYXJtIG5vZGVqczpkZWZhdWx0IGludm9jYXRpb24DAAIHAJqZmZmZmbk/
ASSERTION	AAEAAR5XYXJtIHB5dGhvbjpkZWZhdWx0IGludm9jYXRpb24EAAECBwAAAAAAAABZQA==
ASSERTION	AAEAAR5XYXJtIHB5dGhvbjpkZWZhdWx0IGludm9jYXRpb24EAAECBgAAAAAAAABZQA==
ASSERTION	AAEAAR5XYXJtIHB5dGhvbjpkZWZhdWx0IGludm9jYXRpb24BAAIHAAAAAAAAAAAA
ASSERTION	AAEAAR5XYXJtIHB5dGhvbjpkZWZhdWx0IGludm9jYXRpb24DAAIHAJqZmZmZmbk/
ASSERTION	AAEAAR1XYXJtIHN3aWZ0OmRlZmF1bHQgaW52b2NhdGlvbgQAAQIHAAAAAAAAAFlA
ASSERTION	AAEAAR1XYXJtIHN3aWZ0OmRlZmF1bHQgaW52b2NhdGlvbgQAAQIGAAAAAAAAAFlA
ASSERTION	AAEAAR1XYXJtIHN3aWZ0OmRlZmF1bHQgaW52b2NhdGlvbgEAAgcAAAAAAAAAAAA=
ASSERTION	AAEAAR1XYXJtIHN3aWZ0OmRlZmF1bHQgaW52b2NhdGlvbgMAAgcAmpmZmZmZuT8=
ASSERTION	AAEAARxXYXJtIGphdmE6ZGVmYXVsdCBpbnZvY2F0aW9uBAABAgcAAAAAAAAAWUA=
ASSERTION	AAEAARxXYXJtIGphdmE6ZGVmYXVsdCBpbnZvY2F0aW9uBAABAgYAAAAAAAAAWUA=
ASSERTION	AAEAARxXYXJtIGphdmE6ZGVmYXVsdCBpbnZvY2F0aW9uAQACBwAAAAAAAAAAAA==
ASSERTION	AAEAARxXYXJtIGphdmE6ZGVmYXVsdCBpbnZvY2F0aW9uAwACBwCamZmZmZm5Pw==
RUN	org.apache.openwhisk.LatencySimulation		latencysimulation	1577017069773	 	2.0
USER	Invoke one action after each other to test latency	1	START	1577017072030	1577017072030
REQUEST	Invoke one action after each other to test latency	1		Create nodejs:default action	1577017072186	1577017072835	OK	 
REQUEST	Invoke one action after each other to test latency	1		Cold nodejs:default invocation	1577017072883	1577017076554	OK	 
REQUEST	Invoke one action after each other to test latency	1		Warm nodejs:default invocation	1577017076559	1577017076716	OK	 
REQUEST	Invoke one action after each other to test latency	1		Warm nodejs:default invocation	1577017076718	1577017076829	OK	 
REQUEST	Invoke one action after each other to test latency	1		Warm nodejs:default invocation	1577017076872	1577017076996	OK	 
REQUEST	Invoke one action after each other to test latency	1		Warm nodejs:default invocation	1577017076998	1577017077374	OK	 
REQUEST	Invoke one action after each other to test latency	1		Warm nodejs:default invocation	1577017077412	1577017080142	OK	 
REQUEST	Invoke one action after each other to test latency	1		Warm nodejs:default invocation	1577017080144	1577017080244	OK	 
REQUEST	Invoke one action after each other to test latency	1		Warm nodejs:default invocation	1577017080283	1577017080397	OK	 
REQUEST	Invoke one action after each other to test latency	1		Warm nodejs:default invocation	1577017080399	1577017080507	OK	 
REQUEST	Invoke one action after each other to test latency	1		Warm nodejs:default invocation	1577017080543	1577017085156	OK	 
REQUEST	Invoke one action after each other to test latency	1		Warm nodejs:default invocation	1577017085182	1577017085302	OK	 
REQUEST	Invoke one action after each other to test latency	1		Warm nodejs:default invocation	1577017085304	1577017085376	OK	 
REQUEST	Invoke one action after each other to test latency	1		Warm nodejs:default invocation	1577017085414	1577017085466	OK	 
REQUEST	Invoke one action after each other to test latency	1		Warm nodejs:default invocation	1577017085468	1577017085538	OK	 
REQUEST	Invoke one action after each other to test latency	1		Warm nodejs:default invocation	1577017085572	1577017088575	OK	 
REQUEST	Invoke one action after each other to test latency	1		Warm nodejs:default invocation	1577017088603	1577017088723	OK	 
REQUEST	Invoke one action after each other to test latency	1		Warm nodejs:default invocation	1577017088724	1577017088825	OK	 
REQUEST	Invoke one action after each other to test latency	1		Warm nodejs:default invocation	1577017088862	1577017088934	OK	 
REQUEST	Invoke one action after each other to test latency	1		Warm nodejs:default invocation	1577017088963	1577017089132	OK	 
REQUEST	Invoke one action after each other to test latency	1		Warm nodejs:default invocation	1577017089134	1577017089340	OK	 
REQUEST	Invoke one action after each other to test latency	1		Warm nodejs:default invocation	1577017089372	1577017089574	OK	 
REQUEST	Invoke one action after each other to test latency	1		Warm nodejs:default invocation	1577017089578	1577017089786	OK	 
REQUEST	Invoke one action after each other to test latency	1		Warm nodejs:default invocation	1577017089823	1577017090127	OK	 
REQUEST	Invoke one action after each other to test latency	1		Warm nodejs:default invocation	1577017090152	1577017090297	OK	 
REQUEST	Invoke one action after each other to test latency	1		Warm nodejs:default invocation	1577017090298	1577017090489	OK	 
REQUEST	Invoke one action after each other to test latency	1		Warm nodejs:default invocation	1577017090522	1577017090614	OK	 
REQUEST	Invoke one action after each other to test latency	1		Warm nodejs:default invocation	1577017090642	1577017090772	OK	 
REQUEST	Invoke one action after each other to test latency	1		Warm nodejs:default invocation	1577017090774	1577017090939	OK	 
REQUEST	Invoke one action after each other to test latency	1		Warm nodejs:default invocation	1577017090973	1577017091105	OK	 
REQUEST	Invoke one action after each other to test latency	1		Warm nodejs:default invocation	1577017091133	1577017094055	OK	 
REQUEST	Invoke one action after each other to test latency	1		Warm nodejs:default invocation	1577017094058	1577017094167	OK	 
REQUEST	Invoke one action after each other to test latency	1		Warm nodejs:default invocation	1577017094202	1577017094323	OK	 
REQUEST	Invoke one action after each other to test latency	1		Warm nodejs:default invocation	1577017094352	1577017094444	OK	 
REQUEST	Invoke one action after each other to test latency	1		Warm nodejs:default invocation	1577017094446	1577017094535	OK	 
REQUEST	Invoke one action after each other to test latency	1		Warm nodejs:default invocation	1577017094572	1577017094674	OK	 
REQUEST	Invoke one action after each other to test latency	1		Warm nodejs:default invocation	1577017094676	1577017094757	OK	 
REQUEST	Invoke one action after each other to test latency	1		Warm nodejs:default invocation	1577017094793	1577017094874	OK	 
REQUEST	Invoke one action after each other to test latency	1		Warm nodejs:default invocation	1577017094876	1577017095024	OK	 
REQUEST	Invoke one action after each other to test latency	1		Warm nodejs:default invocation	1577017095063	1577017095229	OK	 
REQUEST	Invoke one action after each other to test latency	1		Warm nodejs:default invocation	1577017095253	1577017095497	OK	 
REQUEST	Invoke one action after each other to test latency	1		Warm nodejs:default invocation	1577017095499	1577017095637	OK	 
REQUEST	Invoke one action after each other to test latency	1		Warm nodejs:default invocation	1577017095674	1577017099045	OK	 
REQUEST	Invoke one action after each other to test latency	1		Warm nodejs:default invocation	1577017099046	1577017099187	OK	 
REQUEST	Invoke one action after each other to test latency	1		Warm nodejs:default invocation	1577017099222	1577017099302	OK	 
REQUEST	Invoke one action after each other to test latency	1		Warm nodejs:default invocation	1577017099333	1577017099437	OK	 
REQUEST	Invoke one action after each other to test latency	1		Warm nodejs:default invocation	1577017099439	1577017099517	OK	 
REQUEST	Invoke one action after each other to test latency	1		Warm nodejs:default invocation	1577017099553	1577017099648	OK	 
REQUEST	Invoke one action after each other to test latency	1		Warm nodejs:default invocation	1577017099672	1577017099747	OK	 
REQUEST	Invoke one action after each other to test latency	1		Warm nodejs:default invocation	1577017099749	1577017099876	OK	 
REQUEST	Invoke one action after each other to test latency	1		Warm nodejs:default invocation	1577017099913	1577017100042	OK	 
REQUEST	Invoke one action after each other to test latency	1		Warm nodejs:default invocation	1577017100043	1577017100161	OK	 
REQUEST	Invoke one action after each other to test latency	1		Warm nodejs:default invocation	1577017100204	1577017100311	OK	 
REQUEST	Invoke one action after each other to test latency	1		Warm nodejs:default invocation	1577017100312	1577017100422	OK	 
REQUEST	Invoke one action after each other to test latency	1		Warm nodejs:default invocation	1577017100464	1577017100572	OK	 
REQUEST	Invoke one action after each other to test latency	1		Warm nodejs:default invocation	1577017100574	1577017100711	OK	 
REQUEST	Invoke one action after each other to test latency	1		Warm nodejs:default invocation	1577017100744	1577017100831	OK	 
REQUEST	Invoke one action after each other to test latency	1		Warm nodejs:default invocation	1577017100833	1577017100955	OK	 
REQUEST	Invoke one action after each other to test latency	1		Warm nodejs:default invocation	1577017100993	1577017101141	OK	 
REQUEST	Invoke one action after each other to test latency	1		Warm nodejs:default invocation	1577017101173	1577017104293	OK	 
REQUEST	Invoke one action after each other to test latency	1		Warm nodejs:default invocation	1577017104294	1577017104402	OK	 
REQUEST	Invoke one action after each other to test latency	1		Warm nodejs:default invocation	1577017104434	1577017104511	OK	 
REQUEST	Invoke one action after each other to test latency	1		Warm nodejs:default invocation	1577017104512	1577017104618	OK	 
REQUEST	Invoke one action after each other to test latency	1		Warm nodejs:default invocation	1577017104653	1577017104769	OK	 
REQUEST	Invoke one action after each other to test latency	1		Warm nodejs:default invocation	1577017104792	1577017104911	OK	 
REQUEST	Invoke one action after each other to test latency	1		Warm nodejs:default invocation	1577017104943	1577017105017	OK	 
REQUEST	Invoke one action after each other to test latency	1		Warm nodejs:default invocation	1577017105019	1577017105106	OK	 
REQUEST	Invoke one action after each other to test latency	1		Warm nodejs:default invocation	1577017105142	1577017105227	OK	 
REQUEST	Invoke one action after each other to test latency	1		Warm nodejs:default invocation	1577017105229	1577017105370	OK	 
REQUEST	Invoke one action after each other to test latency	1		Warm nodejs:default invocation	1577017105414	1577017105476	OK	 
REQUEST	Invoke one action after each other to test latency	1		Warm nodejs:default invocation	1577017105478	1577017105550	OK	 
REQUEST	Invoke one action after each other to test latency	1		Warm nodejs:default invocation	1577017105572	1577017105708	OK	 
REQUEST	Invoke one action after each other to test latency	1		Warm nodejs:default invocation	1577017105733	1577017105828	OK	 
REQUEST	Invoke one action after each other to test latency	1		Warm nodejs:default invocation	1577017105853	1577017106045	OK	 
REQUEST	Invoke one action after each other to test latency	1		Warm nodejs:default invocation	1577017106047	1577017106140	OK	 
REQUEST	Invoke one action after each other to test latency	1		Warm nodejs:default invocation	1577017106174	1577017106345	OK	 
REQUEST	Invoke one action after each other to test latency	1		Warm nodejs:default invocation	1577017106373	1577017106478	OK	 
REQUEST	Invoke one action after each other to test latency	1		Warm nodejs:default invocation	1577017106480	1577017106548	OK	 
REQUEST	Invoke one action after each other to test latency	1		Warm nodejs:default invocation	1577017106583	1577017106658	OK	 
REQUEST	Invoke one action after each other to test latency	1		Warm nodejs:default invocation	1577017106684	1577017106766	OK	 
REQUEST	Invoke one action after each other to test latency	1		Warm nodejs:default invocation	1577017106769	1577017106890	OK	 
REQUEST	Invoke one action after each other to test latency	1		Warm nodejs:default invocation	1577017106922	1577017107049	OK	 
REQUEST	Invoke one action after each other to test latency	1		Warm nodejs:default invocation	1577017107072	1577017107198	OK	 
REQUEST	Invoke one action after each other to test latency	1		Warm nodejs:default invocation	1577017107200	1577017107342	OK	 
REQUEST	Invoke one action after each other to test latency	1		Warm nodejs:default invocation	1577017107384	1577017107538	OK	 
REQUEST	Invoke one action after each other to test latency	1		Warm nodejs:default invocation	1577017107539	1577017107642	OK	 
REQUEST	Invoke one action after each other to test latency	1		Warm nodejs:default invocation	1577017107684	1577017107790	OK	 
REQUEST	Invoke one action after each other to test latency	1		Warm nodejs:default invocation	1577017107791	1577017107962	OK	 
REQUEST	Invoke one action after each other to test latency	1		Warm nodejs:default invocation	1577017108003	1577017108144	OK	 
REQUEST	Invoke one action after each other to test latency	1		Warm nodejs:default invocation	1577017108146	1577017108314	OK	 
REQUEST	Invoke one action after each other to test latency	1		Warm nodejs:default invocation	1577017108353	1577017108530	OK	 
REQUEST	Invoke one action after each other to test latency	1		Warm nodejs:default invocation	1577017108531	1577017108679	OK	 
REQUEST	Invoke one action after each other to test latency	1		Warm nodejs:default invocation	1577017108717	1577017108821	OK	 
REQUEST	Invoke one action after each other to test latency	1		Warm nodejs:default invocation	1577017108853	1577017108952	OK	 
REQUEST	Invoke one action after each other to test latency	1		Warm nodejs:default invocation	1577017108954	1577017109077	OK	 
REQUEST	Invoke one action after each other to test latency	1		Warm nodejs:default invocation	1577017109113	1577017109221	OK	 
REQUEST	Invoke one action after each other to test latency	1		Warm nodejs:default invocation	1577017109222	1577017109392	OK	 
REQUEST	Invoke one action after each other to test latency	1		Warm nodejs:default invocation	1577017109432	1577017109651	OK	 
REQUEST	Invoke one action after each other to test latency	1		Warm nodejs:default invocation	1577017109653	1577017109799	OK	 
REQUEST	Invoke one action after each other to test latency	1		Warm nodejs:default invocation	1577017109832	1577017109952	OK	 
REQUEST	Invoke one action after each other to test latency	1		Warm nodejs:default invocation	1577017109983	1577017110117	OK	 
REQUEST	Invoke one action after each other to test latency	1		Warm nodejs:default invocation	1577017110119	1577017110255	OK	 
REQUEST	Invoke one action after each other to test latency	1		Delete nodejs:default action	1577017110256	1577017110363	OK	 
REQUEST	Invoke one action after each other to test latency	1		Create python:default action	1577017110365	1577017110536	OK	 
REQUEST	Invoke one action after each other to test latency	1		Cold python:default invocation	1577017110538	1577017114679	OK	 
REQUEST	Invoke one action after each other to test latency	1		Warm python:default invocation	1577017114713	1577017114806	OK	 
REQUEST	Invoke one action after each other to test latency	1		Warm python:default invocation	1577017114808	1577017114938	OK	 
REQUEST	Invoke one action after each other to test latency	1		Warm python:default invocation	1577017114976	1577017115069	OK	 
REQUEST	Invoke one action after each other to test latency	1		Warm python:default invocation	1577017115092	1577017118244	OK	 
REQUEST	Invoke one action after each other to test latency	1		Warm python:default invocation	1577017118245	1577017118360	OK	 
REQUEST	Invoke one action after each other to test latency	1		Warm python:default invocation	1577017118394	1577017118466	OK	 
REQUEST	Invoke one action after each other to test latency	1		Warm python:default invocation	1577017118493	1577017118601	OK	 
REQUEST	Invoke one action after each other to test latency	1		Warm python:default invocation	1577017118602	1577017118725	OK	 
REQUEST	Invoke one action after each other to test latency	1		Warm python:default invocation	1577017118764	1577017118916	OK	 
REQUEST	Invoke one action after each other to test latency	1		Warm python:default invocation	1577017118918	1577017119020	OK	 
REQUEST	Invoke one action after each other to test latency	1		Warm python:default invocation	1577017119053	1577017119243	OK	 
REQUEST	Invoke one action after each other to test latency	1		Warm python:default invocation	1577017119272	1577017119447	OK	 
REQUEST	Invoke one action after each other to test latency	1		Warm python:default invocation	1577017119448	1577017119595	OK	 
REQUEST	Invoke one action after each other to test latency	1		Warm python:default invocation	1577017119633	1577017119762	OK	 
REQUEST	Invoke one action after each other to test latency	1		Warm python:default invocation	1577017119782	1577017120067	OK	 
REQUEST	Invoke one action after each other to test latency	1		Warm python:default invocation	1577017120093	1577017120284	OK	 
REQUEST	Invoke one action after each other to test latency	1		Warm python:default invocation	1577017120285	1577017123476	OK	 
REQUEST	Invoke one action after each other to test latency	1		Warm python:default invocation	1577017123513	1577017123584	OK	 
REQUEST	Invoke one action after each other to test latency	1		Warm python:default invocation	1577017123613	1577017123658	OK	 
REQUEST	Invoke one action after each other to test latency	1		Warm python:default invocation	1577017123659	1577017123803	OK	 
REQUEST	Invoke one action after each other to test latency	1		Warm python:default invocation	1577017123843	1577017126946	OK	 
REQUEST	Invoke one action after each other to test latency	1		Warm python:default invocation	1577017126948	1577017127127	OK	 
REQUEST	Invoke one action after each other to test latency	1		Warm python:default invocation	1577017127164	1577017127301	OK	 
REQUEST	Invoke one action after each other to test latency	1		Warm python:default invocation	1577017127303	1577017127397	OK	 
REQUEST	Invoke one action after each other to test latency	1		Warm python:default invocation	1577017127432	1577017127492	OK	 
REQUEST	Invoke one action after each other to test latency	1		Warm python:default invocation	1577017127493	1577017127585	OK	 
REQUEST	Invoke one action after each other to test latency	1		Warm python:default invocation	1577017127623	1577017127670	OK	 
REQUEST	Invoke one action after each other to test latency	1		Warm python:default invocation	1577017127671	1577017127732	OK	 
REQUEST	Invoke one action after each other to test latency	1		Warm python:default invocation	1577017127773	1577017127842	OK	 
REQUEST	Invoke one action after each other to test latency	1		Warm python:default invocation	1577017127843	1577017127943	OK	 
REQUEST	Invoke one action after each other to test latency	1		Warm python:default invocation	1577017127983	1577017128083	OK	 
REQUEST	Invoke one action after each other to test latency	1		Warm python:default invocation	1577017128114	1577017128168	OK	 
REQUEST	Invoke one action after each other to test latency	1		Warm python:default invocation	1577017128169	1577017131613	OK	 
REQUEST	Invoke one action after each other to test latency	1		Warm python:default invocation	1577017131643	1577017131758	OK	 
REQUEST	Invoke one action after each other to test latency	1		Warm python:default invocation	1577017131760	1577017131961	OK	 
REQUEST	Invoke one action after each other to test latency	1		Warm python:default invocation	1577017132002	1577017132112	OK	 
REQUEST	Invoke one action after each other to test latency	1		Warm python:default invocation	1577017132114	1577017132238	OK	 
REQUEST	Invoke one action after each other to test latency	1		Warm python:default invocation	1577017132273	1577017132374	OK	 
REQUEST	Invoke one action after each other to test latency	1		Warm python:default invocation	1577017132402	1577017132482	OK	 
REQUEST	Invoke one action after each other to test latency	1		Warm python:default invocation	1577017132483	1577017132535	OK	 
REQUEST	Invoke one action after each other to test latency	1		Warm python:default invocation	1577017132572	1577017132686	OK	 
REQUEST	Invoke one action after each other to test latency	1		Warm python:default invocation	1577017132688	1577017132767	OK	 
REQUEST	Invoke one action after each other to test latency	1		Warm python:default invocation	1577017132803	1577017132845	OK	 
REQUEST	Invoke one action after each other to test latency	1		Warm python:default invocation	1577017132873	1577017132930	OK	 
REQUEST	Invoke one action after each other to test latency	1		Warm python:default invocation	1577017132932	1577017133012	OK	 
REQUEST	Invoke one action after each other to test latency	1		Warm python:default invocation	1577017133052	1577017133110	OK	 
REQUEST	Invoke one action after each other to test latency	1		Warm python:default invocation	1577017133112	1577017133243	OK	 
REQUEST	Invoke one action after each other to test latency	1		Warm python:default invocation	1577017133284	1577017133346	OK	 
REQUEST	Invoke one action after each other to test latency	1		Warm python:default invocation	1577017133347	1577017133416	OK	 
REQUEST	Invoke one action after each other to test latency	1		Warm python:default invocation	1577017133453	1577017133577	OK	 
REQUEST	Invoke one action after each other to test latency	1		Warm python:default invocation	1577017133578	1577017133643	OK	 
REQUEST	Invoke one action after each other to test latency	1		Warm python:default invocation	1577017133682	1577017133730	OK	 
REQUEST	Invoke one action after each other to test latency	1		Warm python:default invocation	1577017133731	1577017133794	OK	 
REQUEST	Invoke one action after each other to test latency	1		Warm python:default invocation	1577017133833	1577017133892	OK	 
REQUEST	Invoke one action after each other to test latency	1		Warm python:default invocation	1577017133894	1577017133959	OK	 
REQUEST	Invoke one action after each other to test latency	1		Warm python:default invocation	1577017133993	1577017134092	OK	 
REQUEST	Invoke one action after each other to test latency	1		Warm python:default invocation	1577017134123	1577017134184	OK	 
REQUEST	Invoke one action after each other to test latency	1		Warm python:default invocation	1577017134185	1577017134284	OK	 
REQUEST	Invoke one action after each other to test latency	1		Warm python:default invocation	1577017134324	1577017134368	OK	 
REQUEST	Invoke one action after each other to test latency	1		Warm python:default invocation	1577017134370	1577017134461	OK	 
REQUEST	Invoke one action after each other to test latency	1		Warm python:default invocation	1577017134494	1577017134551	OK	 
REQUEST	Invoke one action after each other to test latency	1		Warm python:default invocation	1577017134553	1577017134647	OK	 
REQUEST	Invoke one action after each other to test latency	1		Warm python:default invocation	1577017134683	1577017134771	OK	 
REQUEST	Invoke one action after each other to test latency	1		Warm python:default invocation	1577017134803	1577017134885	OK	 
REQUEST	Invoke one action after each other to test latency	1		Warm python:default invocation	1577017134887	1577017135060	OK	 
REQUEST	Invoke one action after each other to test latency	1		Warm python:default invocation	1577017135092	1577017135207	OK	 
REQUEST	Invoke one action after each other to test latency	1		Warm python:default invocation	1577017135209	1577017135307	OK	 
REQUEST	Invoke one action after each other to test latency	1		Warm python:default invocation	1577017135342	1577017135396	OK	 
REQUEST	Invoke one action after each other to test latency	1		Warm python:default invocation	1577017135424	1577017135510	OK	 
REQUEST	Invoke one action after each other to test latency	1		Warm python:default invocation	1577017135512	1577017135612	OK	 
REQUEST	Invoke one action after each other to test latency	1		Warm python:default invocation	1577017135652	1577017135734	OK	 
REQUEST	Invoke one action after each other to test latency	1		Warm python:default invocation	1577017135735	1577017135828	OK	 
REQUEST	Invoke one action after each other to test latency	1		Warm python:default invocation	1577017135863	1577017136017	OK	 
REQUEST	Invoke one action after each other to test latency	1		Warm python:default invocation	1577017136042	1577017139720	OK	 
REQUEST	Invoke one action after each other to test latency	1		Warm python:default invocation	1577017139722	1577017139801	OK	 
REQUEST	Invoke one action after each other to test latency	1		Warm python:default invocation	1577017139833	1577017139907	OK	 
REQUEST	Invoke one action after each other to test latency	1		Warm python:default invocation	1577017139934	1577017140048	OK	 
REQUEST	Invoke one action after each other to test latency	1		Warm python:default invocation	1577017140050	1577017140126	OK	 
REQUEST	Invoke one action after each other to test latency	1		Warm python:default invocation	1577017140163	1577017140257	OK	 
REQUEST	Invoke one action after each other to test latency	1		Warm python:default invocation	1577017140282	1577017140382	OK	 
REQUEST	Invoke one action after each other to test latency	1		Warm python:default invocation	1577017140383	1577017140503	OK	 
REQUEST	Invoke one action after each other to test latency	1		Warm python:default invocation	1577017140543	1577017140608	OK	 
REQUEST	Invoke one action after each other to test latency	1		Warm python:default invocation	1577017140609	1577017140707	OK	 
REQUEST	Invoke one action after each other to test latency	1		Warm python:default invocation	1577017140742	1577017140828	OK	 
REQUEST	Invoke one action after each other to test latency	1		Warm python:default invocation	1577017140853	1577017141003	OK	 
REQUEST	Invoke one action after each other to test latency	1		Warm python:default invocation	1577017141004	1577017141135	OK	 
REQUEST	Invoke one action after each other to test latency	1		Warm python:default invocation	1577017141172	1577017141398	OK	 
REQUEST	Invoke one action after each other to test latency	1		Warm python:default invocation	1577017141399	1577017141572	OK	 
REQUEST	Invoke one action after each other to test latency	1		Warm python:default invocation	1577017141612	1577017141712	OK	 
REQUEST	Invoke one action after each other to test latency	1		Warm python:default invocation	1577017141714	1577017141796	OK	 
REQUEST	Invoke one action after each other to test latency	1		Warm python:default invocation	1577017141832	1577017141938	OK	 
REQUEST	Invoke one action after each other to test latency	1		Warm python:default invocation	1577017141962	1577017142135	OK	 
REQUEST	Invoke one action after each other to test latency	1		Warm python:default invocation	1577017142136	1577017142428	OK	 
REQUEST	Invoke one action after each other to test latency	1		Warm python:default invocation	1577017142463	1577017142619	OK	 
REQUEST	Invoke one action after each other to test latency	1		Warm python:default invocation	1577017142644	1577017142770	OK	 
REQUEST	Invoke one action after each other to test latency	1		Warm python:default invocation	1577017142794	1577017142975	OK	 
REQUEST	Invoke one action after each other to test latency	1		Warm python:default invocation	1577017142976	1577017143147	OK	 
REQUEST	Invoke one action after each other to test latency	1		Warm python:default invocation	1577017143183	1577017143355	OK	 
REQUEST	Invoke one action after each other to test latency	1		Warm python:default invocation	1577017143383	1577017143493	OK	 
REQUEST	Invoke one action after each other to test latency	1		Warm python:default invocation	1577017143494	1577017143645	OK	 
REQUEST	Invoke one action after each other to test latency	1		Delete python:default action	1577017143646	1577017143775	OK	 
REQUEST	Invoke one action after each other to test latency	1		Create swift:default action	1577017143777	1577017143859	OK	 
REQUEST	Invoke one action after each other to test latency	1		Cold swift:default invocation	1577017143860	1577017152399	OK	 
REQUEST	Invoke one action after each other to test latency	1		Warm swift:default invocation	1577017152422	1577017152574	OK	 
REQUEST	Invoke one action after each other to test latency	1		Warm swift:default invocation	1577017152604	1577017152736	OK	 
REQUEST	Invoke one action after each other to test latency	1		Warm swift:default invocation	1577017152738	1577017152817	OK	 
REQUEST	Invoke one action after each other to test latency	1		Warm swift:default invocation	1577017152852	1577017161399	OK	 
REQUEST	Invoke one action after each other to test latency	1		Warm swift:default invocation	1577017161422	1577017161542	OK	 
REQUEST	Invoke one action after each other to test latency	1		Warm swift:default invocation	1577017161574	1577017161670	OK	 
REQUEST	Invoke one action after each other to test latency	1		Warm swift:default invocation	1577017161671	1577017161738	OK	 
REQUEST	Invoke one action after each other to test latency	1		Warm swift:default invocation	1577017161762	1577017161817	OK	 
REQUEST	Invoke one action after each other to test latency	1		Warm swift:default invocation	1577017161843	1577017161906	OK	 
REQUEST	Invoke one action after each other to test latency	1		Warm swift:default invocation	1577017161907	1577017161990	OK	 
REQUEST	Invoke one action after each other to test latency	1		Warm swift:default invocation	1577017162022	1577017162090	OK	 
REQUEST	Invoke one action after each other to test latency	1		Warm swift:default invocation	1577017162112	1577017162166	OK	 
REQUEST	Invoke one action after each other to test latency	1		Warm swift:default invocation	1577017162192	1577017162303	OK	 
REQUEST	Invoke one action after each other to test latency	1		Warm swift:default invocation	1577017162304	1577017162790	OK	 
REQUEST	Invoke one action after each other to test latency	1		Warm swift:default invocation	1577017162822	1577017162895	OK	 
REQUEST	Invoke one action after each other to test latency	1		Warm swift:default invocation	1577017162922	1577017162987	OK	 
REQUEST	Invoke one action after each other to test latency	1		Warm swift:default invocation	1577017163012	1577017163075	OK	 
REQUEST	Invoke one action after each other to test latency	1		Warm swift:default invocation	1577017163076	1577017171157	OK	 
REQUEST	Invoke one action after each other to test latency	1		Warm swift:default invocation	1577017171192	1577017171343	OK	 
REQUEST	Invoke one action after each other to test latency	1		Warm swift:default invocation	1577017171372	1577017171554	OK	 
REQUEST	Invoke one action after each other to test latency	1		Warm swift:default invocation	1577017171556	1577017171750	OK	 
REQUEST	Invoke one action after each other to test latency	1		Warm swift:default invocation	1577017171782	1577017171978	OK	 
REQUEST	Invoke one action after each other to test latency	1		Warm swift:default invocation	1577017172002	1577017172264	OK	 
REQUEST	Invoke one action after each other to test latency	1		Warm swift:default invocation	1577017172265	1577017172376	OK	 
REQUEST	Invoke one action after each other to test latency	1		Warm swift:default invocation	1577017172412	1577017172475	OK	 
REQUEST	Invoke one action after each other to test latency	1		Warm swift:default invocation	1577017172502	1577017181652	OK	 
REQUEST	Invoke one action after each other to test latency	1		Warm swift:default invocation	1577017181653	1577017181809	OK	 
REQUEST	Invoke one action after each other to test latency	1		Warm swift:default invocation	1577017181843	1577017182065	OK	 
REQUEST	Invoke one action after each other to test latency	1		Warm swift:default invocation	1577017182093	1577017182157	OK	 
REQUEST	Invoke one action after each other to test latency	1		Warm swift:default invocation	1577017182158	1577017182245	OK	 
REQUEST	Invoke one action after each other to test latency	1		Warm swift:default invocation	1577017182284	1577017182397	OK	 
REQUEST	Invoke one action after each other to test latency	1		Warm swift:default invocation	1577017182397	1577017182498	OK	 
REQUEST	Invoke one action after each other to test latency	1		Warm swift:default invocation	1577017182533	1577017182721	OK	 
REQUEST	Invoke one action after each other to test latency	1		Warm swift:default invocation	1577017182722	1577017182817	OK	 
REQUEST	Invoke one action after each other to test latency	1		Warm swift:default invocation	1577017182855	1577017182960	OK	 
REQUEST	Invoke one action after each other to test latency	1		Warm swift:default invocation	1577017182983	1577017190581	OK	 
REQUEST	Invoke one action after each other to test latency	1		Warm swift:default invocation	1577017190582	1577017190677	OK	 
REQUEST	Invoke one action after each other to test latency	1		Warm swift:default invocation	1577017190713	1577017190782	OK	 
REQUEST	Invoke one action after each other to test latency	1		Warm swift:default invocation	1577017190812	1577017190856	OK	 
REQUEST	Invoke one action after each other to test latency	1		Warm swift:default invocation	1577017190857	1577017190951	OK	 
REQUEST	Invoke one action after each other to test latency	1		Warm swift:default invocation	1577017190983	1577017191068	OK	 
REQUEST	Invoke one action after each other to test latency	1		Warm swift:default invocation	1577017191092	1577017191193	OK	 
REQUEST	Invoke one action after each other to test latency	1		Warm swift:default invocation	1577017191223	1577017191391	OK	 
REQUEST	Invoke one action after each other to test latency	1		Warm swift:default invocation	1577017191392	1577017191489	OK	 
REQUEST	Invoke one action after each other to test latency	1		Warm swift:default invocation	1577017191522	1577017191623	OK	 
REQUEST	Invoke one action after each other to test latency	1		Warm swift:default invocation	1577017191624	1577017191737	OK	 
REQUEST	Invoke one action after each other to test latency	1		Warm swift:default invocation	1577017191772	1577017191855	OK	 
REQUEST	Invoke one action after each other to test latency	1		Warm swift:default invocation	1577017191883	1577017191937	OK	 
REQUEST	Invoke one action after each other to test latency	1		Warm swift:default invocation	1577017191938	1577017192011	OK	 
REQUEST	Invoke one action after each other to test latency	1		Warm swift:default invocation	1577017192044	1577017192111	OK	 
REQUEST	Invoke one action after each other to test latency	1		Warm swift:default invocation	1577017192133	1577017192320	OK	 
REQUEST	Invoke one action after each other to test latency	1		Warm swift:default invocation	1577017192321	1577017192422	OK	 
REQUEST	Invoke one action after each other to test latency	1		Warm swift:default invocation	1577017192463	1577017192574	OK	 
REQUEST	Invoke one action after each other to test latency	1		Warm swift:default invocation	1577017192575	1577017192666	OK	 
REQUEST	Invoke one action after each other to test latency	1		Warm swift:default invocation	1577017192703	1577017192807	OK	 
REQUEST	Invoke one action after each other to test latency	1		Warm swift:default invocation	1577017192833	1577017192949	OK	 
REQUEST	Invoke one action after each other to test latency	1		Warm swift:default invocation	1577017192950	1577017193053	OK	 
REQUEST	Invoke one action after each other to test latency	1		Warm swift:default invocation	1577017193092	1577017193257	OK	 
REQUEST	Invoke one action after each other to test latency	1		Warm swift:default invocation	1577017193258	1577017193395	OK	 
REQUEST	Invoke one action after each other to test latency	1		Warm swift:default invocation	1577017193433	1577017193667	OK	 
REQUEST	Invoke one action after each other to test latency	1		Warm swift:default invocation	1577017193668	1577017193767	OK	 
REQUEST	Invoke one action after each other to test latency	1		Warm swift:default invocation	1577017193802	1577017193933	OK	 
REQUEST	Invoke one action after each other to test latency	1		Warm swift:default invocation	1577017193962	1577017194075	OK	 
REQUEST	Invoke one action after each other to test latency	1		Warm swift:default invocation	1577017194076	1577017194140	OK	 
REQUEST	Invoke one action after each other to test latency	1		Warm swift:default invocation	1577017194172	1577017194295	OK	 
REQUEST	Invoke one action after each other to test latency	1		Warm swift:default invocation	1577017194322	1577017194403	OK	 
REQUEST	Invoke one action after each other to test latency	1		Warm swift:default invocation	1577017194404	1577017194539	OK	 
REQUEST	Invoke one action after each other to test latency	1		Warm swift:default invocation	1577017194573	1577017194654	OK	 
REQUEST	Invoke one action after each other to test latency	1		Warm swift:default invocation	1577017194683	1577017194784	OK	 
REQUEST	Invoke one action after each other to test latency	1		Warm swift:default invocation	1577017194785	1577017194959	OK	 
REQUEST	Invoke one action after each other to test latency	1		Warm swift:default invocation	1577017194993	1577017195055	OK	 
REQUEST	Invoke one action after each other to test latency	1		Warm swift:default invocation	1577017195055	1577017195154	OK	 
REQUEST	Invoke one action after each other to test latency	1		Warm swift:default invocation	1577017195195	1577017195291	OK	 
REQUEST	Invoke one action after each other to test latency	1		Warm swift:default invocation	1577017195292	1577017195377	OK	 
REQUEST	Invoke one action after each other to test latency	1		Warm swift:default invocation	1577017195412	1577017195485	OK	 
REQUEST	Invoke one action after each other to test latency	1		Warm swift:default invocation	1577017195512	1577017195578	OK	 
REQUEST	Invoke one action after each other to test latency	1		Warm swift:default invocation	1577017195579	1577017195738	OK	 
REQUEST	Invoke one action after each other to test latency	1		Warm swift:default invocation	1577017195772	1577017195833	OK	 
REQUEST	Invoke one action after each other to test latency	1		Warm swift:default invocation	1577017195863	1577017195916	OK	 
REQUEST	Invoke one action after each other to test latency	1		Warm swift:default invocation	1577017195918	1577017195987	OK	 
REQUEST	Invoke one action after each other to test latency	1		Warm swift:default invocation	1577017196023	1577017196078	OK	 
REQUEST	Invoke one action after each other to test latency	1		Warm swift:default invocation	1577017196079	1577017196177	OK	 
REQUEST	Invoke one action after each other to test latency	1		Warm swift:default invocation	1577017196214	1577017196319	OK	 
REQUEST	Invoke one action after each other to test latency	1		Warm swift:default invocation	1577017196343	1577017196417	OK	 
REQUEST	Invoke one action after each other to test latency	1		Warm swift:default invocation	1577017196418	1577017196503	OK	 
REQUEST	Invoke one action after each other to test latency	1		Warm swift:default invocation	1577017196543	1577017196625	OK	 
REQUEST	Invoke one action after each other to test latency	1		Warm swift:default invocation	1577017196626	1577017196713	OK	 
REQUEST	Invoke one action after each other to test latency	1		Warm swift:default invocation	1577017196754	1577017196794	OK	 
REQUEST	Invoke one action after each other to test latency	1		Warm swift:default invocation	1577017196795	1577017196865	OK	 
REQUEST	Invoke one action after each other to test latency	1		Warm swift:default invocation	1577017196903	1577017196954	OK	 
REQUEST	Invoke one action after each other to test latency	1		Warm swift:default invocation	1577017196955	1577017205584	OK	 
REQUEST	Invoke one action after each other to test latency	1		Warm swift:default invocation	1577017205622	1577017205800	OK	 
REQUEST	Invoke one action after each other to test latency	1		Warm swift:default invocation	1577017205823	1577017205920	OK	 
REQUEST	Invoke one action after each other to test latency	1		Warm swift:default invocation	1577017205921	1577017206070	OK	 
REQUEST	Invoke one action after each other to test latency	1		Warm swift:default invocation	1577017206103	1577017206230	OK	 
REQUEST	Invoke one action after each other to test latency	1		Warm swift:default invocation	1577017206253	1577017206364	OK	 
REQUEST	Invoke one action after each other to test latency	1		Warm swift:default invocation	1577017206393	1577017206483	OK	 
REQUEST	Invoke one action after each other to test latency	1		Warm swift:default invocation	1577017206484	1577017206602	OK	 
REQUEST	Invoke one action after each other to test latency	1		Warm swift:default invocation	1577017206643	1577017206735	OK	 
REQUEST	Invoke one action after each other to test latency	1		Warm swift:default invocation	1577017206735	1577017206858	OK	 
REQUEST	Invoke one action after each other to test latency	1		Delete swift:default action	1577017206859	1577017207214	OK	 
REQUEST	Invoke one action after each other to test latency	1		Create java:default action	1577017207215	1577017207405	OK	 
REQUEST	Invoke one action after each other to test latency	1		Cold java:default invocation	1577017207406	1577017210888	OK	 
REQUEST	Invoke one action after each other to test latency	1		Warm java:default invocation	1577017210922	1577017211153	OK	 
REQUEST	Invoke one action after each other to test latency	1		Warm java:default invocation	1577017211153	1577017211292	OK	 
REQUEST	Invoke one action after each other to test latency	1		Warm java:default invocation	1577017211334	1577017214913	OK	 
REQUEST	Invoke one action after each other to test latency	1		Warm java:default invocation	1577017214915	1577017215028	OK	 
REQUEST	Invoke one action after each other to test latency	1		Warm java:default invocation	1577017215062	1577017215147	OK	 
REQUEST	Invoke one action after each other to test latency	1		Warm java:default invocation	1577017215172	1577017215264	OK	 
REQUEST	Invoke one action after each other to test latency	1		Warm java:default invocation	1577017215265	1577017215384	OK	 
REQUEST	Invoke one action after each other to test latency	1		Warm java:default invocation	1577017215422	1577017215806	OK	 
REQUEST	Invoke one action after each other to test latency	1		Warm java:default invocation	1577017215808	1577017215917	OK	 
REQUEST	Invoke one action after each other to test latency	1		Warm java:default invocation	1577017215953	1577017216046	OK	 
REQUEST	Invoke one action after each other to test latency	1		Warm java:default invocation	1577017216072	1577017216151	OK	 
REQUEST	Invoke one action after each other to test latency	1		Warm java:default invocation	1577017216152	1577017216305	OK	 
REQUEST	Invoke one action after each other to test latency	1		Warm java:default invocation	1577017216344	1577017216550	OK	 
REQUEST	Invoke one action after each other to test latency	1		Warm java:default invocation	1577017216551	1577017220046	OK	 
REQUEST	Invoke one action after each other to test latency	1		Warm java:default invocation	1577017220082	1577017220180	OK	 
REQUEST	Invoke one action after each other to test latency	1		Warm java:default invocation	1577017220202	1577017220326	OK	 
REQUEST	Invoke one action after each other to test latency	1		Warm java:default invocation	1577017220328	1577017220420	OK	 
REQUEST	Invoke one action after each other to test latency	1		Warm java:default invocation	1577017220452	1577017220544	OK	 
REQUEST	Invoke one action after each other to test latency	1		Warm java:default invocation	1577017220574	1577017220655	OK	 
REQUEST	Invoke one action after each other to test latency	1		Warm java:default invocation	1577017220657	1577017220798	OK	 
REQUEST	Invoke one action after each other to test latency	1		Warm java:default invocation	1577017220833	1577017220910	OK	 
REQUEST	Invoke one action after each other to test latency	1		Warm java:default invocation	1577017220933	1577017220998	OK	 
REQUEST	Invoke one action after each other to test latency	1		Warm java:default invocation	1577017221024	1577017221131	OK	 
REQUEST	Invoke one action after each other to test latency	1		Warm java:default invocation	1577017221132	1577017221248	OK	 
REQUEST	Invoke one action after each other to test latency	1		Warm java:default invocation	1577017221288	1577017221572	OK	 
REQUEST	Invoke one action after each other to test latency	1		Warm java:default invocation	1577017221573	1577017221804	OK	 
REQUEST	Invoke one action after each other to test latency	1		Warm java:default invocation	1577017221842	1577017222014	OK	 
REQUEST	Invoke one action after each other to test latency	1		Warm java:default invocation	1577017222015	1577017222135	OK	 
REQUEST	Invoke one action after each other to test latency	1		Warm java:default invocation	1577017222172	1577017222356	OK	 
REQUEST	Invoke one action after each other to test latency	1		Warm java:default invocation	1577017222382	1577017222560	OK	 
REQUEST	Invoke one action after each other to test latency	1		Warm java:default invocation	1577017222561	1577017222736	OK	 
REQUEST	Invoke one action after each other to test latency	1		Warm java:default invocation	1577017222772	1577017222988	OK	 
REQUEST	Invoke one action after each other to test latency	1		Warm java:default invocation	1577017223013	1577017223120	OK	 
REQUEST	Invoke one action after each other to test latency	1		Warm java:default invocation	1577017223121	1577017223303	OK	 
REQUEST	Invoke one action after each other to test latency	1		Warm java:default invocation	1577017223342	1577017223416	OK	 
REQUEST	Invoke one action after each other to test latency	1		Warm java:default invocation	1577017223417	1577017223496	OK	 
REQUEST	Invoke one action after each other to test latency	1		Warm java:default invocation	1577017223534	1577017223677	OK	 
REQUEST	Invoke one action after each other to test latency	1		Warm java:default invocation	1577017223703	1577017223808	OK	 
REQUEST	Invoke one action after each other to test latency	1		Warm java:default invocation	1577017223809	1577017223894	OK	 
REQUEST	Invoke one action after each other to test latency	1		Warm java:default invocation	1577017223932	1577017227256	OK	 
REQUEST	Invoke one action after each other to test latency	1		Warm java:default invocation	1577017227257	1577017227436	OK	 
REQUEST	Invoke one action after each other to test latency	1		Warm java:default invocation	1577017227472	1577017227667	OK	 
REQUEST	Invoke one action after each other to test latency	1		Warm java:default invocation	1577017227693	1577017227788	OK	 
REQUEST	Invoke one action after each other to test latency	1		Warm java:default invocation	1577017227789	1577017227987	OK	 
REQUEST	Invoke one action after each other to test latency	1		Warm java:default invocation	1577017228022	1577017228159	OK	 
REQUEST	Invoke one action after each other to test latency	1		Warm java:default invocation	1577017228183	1577017228422	OK	 
REQUEST	Invoke one action after each other to test latency	1		Warm java:default invocation	1577017228423	1577017228534	OK	 
REQUEST	Invoke one action after each other to test latency	1		Warm java:default invocation	1577017228572	1577017228731	OK	 
REQUEST	Invoke one action after each other to test latency	1		Warm java:default invocation	1577017228763	1577017228896	OK	 
REQUEST	Invoke one action after each other to test latency	1		Warm java:default invocation	1577017228897	1577017229279	OK	 
REQUEST	Invoke one action after each other to test latency	1		Warm java:default invocation	1577017229304	1577017229466	OK	 
REQUEST	Invoke one action after each other to test latency	1		Warm java:default invocation	1577017229492	1577017229622	OK	 
REQUEST	Invoke one action after each other to test latency	1		Warm java:default invocation	1577017229624	1577017229718	OK	 
REQUEST	Invoke one action after each other to test latency	1		Warm java:default invocation	1577017229752	1577017229845	OK	 
REQUEST	Invoke one action after each other to test latency	1		Warm java:default invocation	1577017229874	1577017229986	OK	 
REQUEST	Invoke one action after each other to test latency	1		Warm java:default invocation	1577017229987	1577017230100	OK	 
REQUEST	Invoke one action after each other to test latency	1		Warm java:default invocation	1577017230132	1577017230220	OK	 
REQUEST	Invoke one action after each other to test latency	1		Warm java:default invocation	1577017230245	1577017230384	OK	 
REQUEST	Invoke one action after each other to test latency	1		Warm java:default invocation	1577017230413	1577017230518	OK	 
REQUEST	Invoke one action after each other to test latency	1		Warm java:default invocation	1577017230519	1577017234514	OK	 
REQUEST	Invoke one action after each other to test latency	1		Warm java:default invocation	1577017234552	1577017234695	OK	 
REQUEST	Invoke one action after each other to test latency	1		Warm java:default invocation	1577017234696	1577017234794	OK	 
REQUEST	Invoke one action after each other to test latency	1		Warm java:default invocation	1577017234850	1577017235061	OK	 
REQUEST	Invoke one action after each other to test latency	1		Warm java:default invocation	1577017235062	1577017235131	OK	 
REQUEST	Invoke one action after each other to test latency	1		Warm java:default invocation	1577017235132	1577017235211	OK	 
REQUEST	Invoke one action after each other to test latency	1		Warm java:default invocation	1577017235253	1577017235332	OK	 
REQUEST	Invoke one action after each other to test latency	1		Warm java:default invocation	1577017235333	1577017235463	OK	 
REQUEST	Invoke one action after each other to test latency	1		Warm java:default invocation	1577017235502	1577017235562	OK	 
REQUEST	Invoke one action after each other to test latency	1		Warm java:default invocation	1577017235592	1577017235655	OK	 
REQUEST	Invoke one action after each other to test latency	1		Warm java:default invocation	1577017235656	1577017235742	OK	 
REQUEST	Invoke one action after each other to test latency	1		Warm java:default invocation	1577017235763	1577017235837	OK	 
REQUEST	Invoke one action after each other to test latency	1		Warm java:default invocation	1577017235864	1577017235963	OK	 
REQUEST	Invoke one action after each other to test latency	1		Warm java:default invocation	1577017235994	1577017236054	OK	 
REQUEST	Invoke one action after each other to test latency	1		Warm java:default invocation	1577017236056	1577017236186	OK	 
REQUEST	Invoke one action after each other to test latency	1		Warm java:default invocation	1577017236223	1577017236318	OK	 
REQUEST	Invoke one action after each other to test latency	1		Warm java:default invocation	1577017236319	1577017236399	OK	 
REQUEST	Invoke one action after each other to test latency	1		Warm java:default invocation	1577017236433	1577017236515	OK	 
REQUEST	Invoke one action after each other to test latency	1		Warm java:default invocation	1577017236543	1577017236666	OK	 
REQUEST	Invoke one action after each other to test latency	1		Warm java:default invocation	1577017236667	1577017236779	OK	 
REQUEST	Invoke one action after each other to test latency	1		Warm java:default invocation	1577017236813	1577017236866	OK	 
REQUEST	Invoke one action after each other to test latency	1		Warm java:default invocation	1577017236893	1577017236988	OK	 
REQUEST	Invoke one action after each other to test latency	1		Warm java:default invocation	1577017236989	1577017237055	OK	 
REQUEST	Invoke one action after each other to test latency	1		Warm java:default invocation	1577017237095	1577017237176	OK	 
REQUEST	Invoke one action after each other to test latency	1		Warm java:default invocation	1577017237177	1577017237308	OK	 
REQUEST	Invoke one action after each other to test latency	1		Warm java:default invocation	1577017237343	1577017237410	OK	 
REQUEST	Invoke one action after each other to test latency	1		Warm java:default invocation	1577017237433	1577017237503	OK	 
REQUEST	Invoke one action after each other to test latency	1		Warm java:default invocation	1577017237504	1577017237574	OK	 
REQUEST	Invoke one action after each other to test latency	1		Warm java:default invocation	1577017237613	1577017242122	OK	 
REQUEST	Invoke one action after each other to test latency	1		Warm java:default invocation	1577017242123	1577017242254	OK	 
REQUEST	Invoke one action after each other to test latency	1		Warm java:default invocation	1577017242294	1577017242369	OK	 
REQUEST	Invoke one action after each other to test latency	1		Warm java:default invocation	1577017242370	1577017242465	OK	 
REQUEST	Invoke one action after each other to test latency	1		Warm java:default invocation	1577017242503	1577017242563	OK	 
REQUEST	Invoke one action after each other to test latency	1		Warm java:default invocation	1577017242594	1577017242671	OK	 
REQUEST	Invoke one action after each other to test latency	1		Warm java:default invocation	1577017242672	1577017242841	OK	 
REQUEST	Invoke one action after each other to test latency	1		Warm java:default invocation	1577017242872	1577017242951	OK	 
REQUEST	Invoke one action after each other to test latency	1		Warm java:default invocation	1577017242972	1577017243076	OK	 
REQUEST	Invoke one action after each other to test latency	1		Warm java:default invocation	1577017243102	1577017243163	OK	 
REQUEST	Invoke one action after each other to test latency	1		Warm java:default invocation	1577017243164	1577017243310	OK	 
REQUEST	Invoke one action after each other to test latency	1		Warm java:default invocation	1577017243342	1577017243477	OK	 
REQUEST	Invoke one action after each other to test latency	1		Warm java:default invocation	1577017243502	1577017243563	OK	 
REQUEST	Invoke one action after each other to test latency	1		Delete java:default action	1577017243564	1577017243670	OK	 
USER	Invoke one action after each other to test latency	1	END	1577017072030	1577017243675
