ASSERTION	AAEAAR5XYXJtIG5vZGVqczpkZWZhdWx0IGludm9jYXRpb24EAAECBwAAAAAAAABZQA==
ASSERTION	AAEAAR5XYXJtIG5vZGVqczpkZWZhdWx0IGludm9jYXRpb24EAAECBgAAAAAAAABZQA==
ASSERTION	AAEAAR5XYXJtIG5vZGVqczpkZWZhdWx0IGludm9jYXRpb24BAAIHAAAAAAAAAAAA
ASSERTION	AAEAAR5XYXJtIG5vZGVqczpkZWZhdWx0IGludm9jYXRpb24DAAIHAJqZmZmZmbk/
ASSERTION	AAEAAR5XYXJtIHB5dGhvbjpkZWZhdWx0IGludm9jYXRpb24EAAECBwAAAAAAAABZQA==
ASSERTION	AAEAAR5XYXJtIHB5dGhvbjpkZWZhdWx0IGludm9jYXRpb24EAAECBgAAAAAAAABZQA==
ASSERTION	AAEAAR5XYXJtIHB5dGhvbjpkZWZhdWx0IGludm9jYXRpb24BAAIHAAAAAAAAAAAA
ASSERTION	AAEAAR5XYXJtIHB5dGhvbjpkZWZhdWx0IGludm9jYXRpb24DAAIHAJqZmZmZmbk/
ASSERTION	AAEAAR1XYXJtIHN3aWZ0OmRlZmF1bHQgaW52b2NhdGlvbgQAAQIHAAAAAAAAAFlA
ASSERTION	AAEAAR1XYXJtIHN3aWZ0OmRlZmF1bHQgaW52b2NhdGlvbgQAAQIGAAAAAAAAAFlA
ASSERTION	AAEAAR1XYXJtIHN3aWZ0OmRlZmF1bHQgaW52b2NhdGlvbgEAAgcAAAAAAAAAAAA=
ASSERTION	AAEAAR1XYXJtIHN3aWZ0OmRlZmF1bHQgaW52b2NhdGlvbgMAAgcAmpmZmZmZuT8=
ASSERTION	AAEAARxXYXJtIGphdmE6ZGVmYXVsdCBpbnZvY2F0aW9uBAABAgcAAAAAAAAAWUA=
ASSERTION	AAEAARxXYXJtIGphdmE6ZGVmYXVsdCBpbnZvY2F0aW9uBAABAgYAAAAAAAAAWUA=
ASSERTION	AAEAARxXYXJtIGphdmE6ZGVmYXVsdCBpbnZvY2F0aW9uAQACBwAAAAAAAAAAAA==
ASSERTION	AAEAARxXYXJtIGphdmE6ZGVmYXVsdCBpbnZvY2F0aW9uAwACBwCamZmZmZm5Pw==
RUN	org.apache.openwhisk.LatencySimulation		latencysimulation	1577020506671	 	2.0
USER	Invoke one action after each other to test latency	1	START	1577020508641	1577020508641
REQUEST	Invoke one action after each other to test latency	1		Create nodejs:default action	1577020508771	1577020508969	OK	 
REQUEST	Invoke one action after each other to test latency	1		Cold nodejs:default invocation	1577020509020	1577020511684	OK	 
REQUEST	Invoke one action after each other to test latency	1		Warm nodejs:default invocation	1577020511688	1577020513998	OK	 
REQUEST	Invoke one action after each other to test latency	1		Warm nodejs:default invocation	1577020514001	1577020514048	OK	 
REQUEST	Invoke one action after each other to test latency	1		Warm nodejs:default invocation	1577020514085	1577020514123	OK	 
REQUEST	Invoke one action after each other to test latency	1		Warm nodejs:default invocation	1577020514156	1577020514208	OK	 
REQUEST	Invoke one action after each other to test latency	1		Warm nodejs:default invocation	1577020514211	1577020516449	OK	 
REQUEST	Invoke one action after each other to test latency	1		Warm nodejs:default invocation	1577020516477	1577020516534	OK	 
REQUEST	Invoke one action after each other to test latency	1		Warm nodejs:default invocation	1577020516565	1577020516622	OK	 
REQUEST	Invoke one action after each other to test latency	1		Warm nodejs:default invocation	1577020516625	1577020516671	OK	 
REQUEST	Invoke one action after each other to test latency	1		Warm nodejs:default invocation	1577020516705	1577020516759	OK	 
REQUEST	Invoke one action after each other to test latency	1		Warm nodejs:default invocation	1577020516761	1577020516818	OK	 
REQUEST	Invoke one action after each other to test latency	1		Warm nodejs:default invocation	1577020516856	1577020516951	OK	 
REQUEST	Invoke one action after each other to test latency	1		Warm nodejs:default invocation	1577020516975	1577020517058	OK	 
REQUEST	Invoke one action after each other to test latency	1		Warm nodejs:default invocation	1577020517059	1577020517095	OK	 
REQUEST	Invoke one action after each other to test latency	1		Warm nodejs:default invocation	1577020517135	1577020517204	OK	 
REQUEST	Invoke one action after each other to test latency	1		Warm nodejs:default invocation	1577020517206	1577020517262	OK	 
REQUEST	Invoke one action after each other to test latency	1		Warm nodejs:default invocation	1577020517295	1577020519209	OK	 
REQUEST	Invoke one action after each other to test latency	1		Warm nodejs:default invocation	1577020519235	1577020519266	OK	 
REQUEST	Invoke one action after each other to test latency	1		Warm nodejs:default invocation	1577020519268	1577020519321	OK	 
REQUEST	Invoke one action after each other to test latency	1		Warm nodejs:default invocation	1577020519355	1577020519379	OK	 
REQUEST	Invoke one action after each other to test latency	1		Warm nodejs:default invocation	1577020519405	1577020519460	OK	 
REQUEST	Invoke one action after each other to test latency	1		Warm nodejs:default invocation	1577020519469	1577020519517	OK	 
REQUEST	Invoke one action after each other to test latency	1		Warm nodejs:default invocation	1577020519555	1577020519610	OK	 
REQUEST	Invoke one action after each other to test latency	1		Warm nodejs:default invocation	1577020519612	1577020519667	OK	 
REQUEST	Invoke one action after each other to test latency	1		Warm nodejs:default invocation	1577020519705	1577020519751	OK	 
REQUEST	Invoke one action after each other to test latency	1		Warm nodejs:default invocation	1577020519776	1577020519809	OK	 
REQUEST	Invoke one action after each other to test latency	1		Warm nodejs:default invocation	1577020519811	1577020519865	OK	 
REQUEST	Invoke one action after each other to test latency	1		Warm nodejs:default invocation	1577020519906	1577020520059	OK	 
REQUEST	Invoke one action after each other to test latency	1		Warm nodejs:default invocation	1577020520061	1577020520132	OK	 
REQUEST	Invoke one action after each other to test latency	1		Warm nodejs:default invocation	1577020520165	1577020520679	OK	 
REQUEST	Invoke one action after each other to test latency	1		Warm nodejs:default invocation	1577020520705	1577020520852	OK	 
REQUEST	Invoke one action after each other to test latency	1		Warm nodejs:default invocation	1577020520854	1577020520959	OK	 
REQUEST	Invoke one action after each other to test latency	1		Warm nodejs:default invocation	1577020520996	1577020521121	OK	 
REQUEST	Invoke one action after each other to test latency	1		Warm nodejs:default invocation	1577020521145	1577020521175	OK	 
REQUEST	Invoke one action after each other to test latency	1		Warm nodejs:default invocation	1577020521177	1577020521249	OK	 
REQUEST	Invoke one action after each other to test latency	1		Warm nodejs:default invocation	1577020521285	1577020521332	OK	 
REQUEST	Invoke one action after each other to test latency	1		Warm nodejs:default invocation	1577020521355	1577020521391	OK	 
REQUEST	Invoke one action after each other to test latency	1		Warm nodejs:default invocation	1577020521393	1577020521495	OK	 
REQUEST	Invoke one action after each other to test latency	1		Warm nodejs:default invocation	1577020521535	1577020521910	OK	 
REQUEST	Invoke one action after each other to test latency	1		Warm nodejs:default invocation	1577020521912	1577020529825	OK	 
REQUEST	Invoke one action after each other to test latency	1		Warm nodejs:default invocation	1577020529865	1577020529950	OK	 
REQUEST	Invoke one action after each other to test latency	1		Warm nodejs:default invocation	1577020529952	1577020529993	OK	 
REQUEST	Invoke one action after each other to test latency	1		Warm nodejs:default invocation	1577020530025	1577020530074	OK	 
REQUEST	Invoke one action after each other to test latency	1		Warm nodejs:default invocation	1577020530105	1577020530158	OK	 
REQUEST	Invoke one action after each other to test latency	1		Warm nodejs:default invocation	1577020530160	1577020530204	OK	 
REQUEST	Invoke one action after each other to test latency	1		Warm nodejs:default invocation	1577020530234	1577020530295	OK	 
REQUEST	Invoke one action after each other to test latency	1		Warm nodejs:default invocation	1577020530325	1577020530644	OK	 
REQUEST	Invoke one action after each other to test latency	1		Warm nodejs:default invocation	1577020530646	1577020530952	OK	 
REQUEST	Invoke one action after each other to test latency	1		Warm nodejs:default invocation	1577020530986	1577020531394	OK	 
REQUEST	Invoke one action after each other to test latency	1		Warm nodejs:default invocation	1577020531425	1577020531514	OK	 
REQUEST	Invoke one action after each other to test latency	1		Warm nodejs:default invocation	1577020531516	1577020531635	OK	 
REQUEST	Invoke one action after each other to test latency	1		Warm nodejs:default invocation	1577020531683	1577020531878	OK	 
REQUEST	Invoke one action after each other to test latency	1		Warm nodejs:default invocation	1577020531879	1577020532082	OK	 
REQUEST	Invoke one action after each other to test latency	1		Warm nodejs:default invocation	1577020532105	1577020532193	OK	 
REQUEST	Invoke one action after each other to test latency	1		Warm nodejs:default invocation	1577020532226	1577020532325	OK	 
REQUEST	Invoke one action after each other to test latency	1		Warm nodejs:default invocation	1577020532328	1577020532436	OK	 
REQUEST	Invoke one action after each other to test latency	1		Warm nodejs:default invocation	1577020532475	1577020532582	OK	 
REQUEST	Invoke one action after each other to test latency	1		Warm nodejs:default invocation	1577020532584	1577020532723	OK	 
REQUEST	Invoke one action after each other to test latency	1		Warm nodejs:default invocation	1577020532766	1577020532868	OK	 
REQUEST	Invoke one action after each other to test latency	1		Warm nodejs:default invocation	1577020532870	1577020532950	OK	 
REQUEST	Invoke one action after each other to test latency	1		Warm nodejs:default invocation	1577020532976	1577020533126	OK	 
REQUEST	Invoke one action after each other to test latency	1		Warm nodejs:default invocation	1577020533155	1577020533299	OK	 
REQUEST	Invoke one action after each other to test latency	1		Warm nodejs:default invocation	1577020533300	1577020533460	OK	 
REQUEST	Invoke one action after each other to test latency	1		Warm nodejs:default invocation	1577020533496	1577020533578	OK	 
REQUEST	Invoke one action after each other to test latency	1		Warm nodejs:default invocation	1577020533604	1577020533765	OK	 
REQUEST	Invoke one action after each other to test latency	1		Warm nodejs:default invocation	1577020533768	1577020533915	OK	 
REQUEST	Invoke one action after each other to test latency	1		Warm nodejs:default invocation	1577020533955	1577020534143	OK	 
REQUEST	Invoke one action after each other to test latency	1		Warm nodejs:default invocation	1577020534144	1577020534352	OK	 
REQUEST	Invoke one action after each other to test latency	1		Warm nodejs:default invocation	1577020534386	1577020534558	OK	 
REQUEST	Invoke one action after each other to test latency	1		Warm nodejs:default invocation	1577020534585	1577020534760	OK	 
REQUEST	Invoke one action after each other to test latency	1		Warm nodejs:default invocation	1577020534761	1577020534964	OK	 
REQUEST	Invoke one action after each other to test latency	1		Warm nodejs:default invocation	1577020535005	1577020535041	OK	 
REQUEST	Invoke one action after each other to test latency	1		Warm nodejs:default invocation	1577020535043	1577020539179	OK	 
REQUEST	Invoke one action after each other to test latency	1		Warm nodejs:default invocation	1577020539215	1577020539264	OK	 
REQUEST	Invoke one action after each other to test latency	1		Warm nodejs:default invocation	1577020539295	1577020539335	OK	 
REQUEST	Invoke one action after each other to test latency	1		Warm nodejs:default invocation	1577020539336	1577020539519	OK	 
REQUEST	Invoke one action after each other to test latency	1		Warm nodejs:default invocation	1577020539545	1577020539673	OK	 
REQUEST	Invoke one action after each other to test latency	1		Warm nodejs:default invocation	1577020539694	1577020539738	OK	 
REQUEST	Invoke one action after each other to test latency	1		Warm nodejs:default invocation	1577020539764	1577020539830	OK	 
REQUEST	Invoke one action after each other to test latency	1		Warm nodejs:default invocation	1577020539831	1577020539875	OK	 
REQUEST	Invoke one action after each other to test latency	1		Warm nodejs:default invocation	1577020539916	1577020539977	OK	 
REQUEST	Invoke one action after each other to test latency	1		Warm nodejs:default invocation	1577020539979	1577020540200	OK	 
REQUEST	Invoke one action after each other to test latency	1		Warm nodejs:default invocation	1577020540235	1577020540350	OK	 
REQUEST	Invoke one action after each other to test latency	1		Warm nodejs:default invocation	1577020540375	1577020540449	OK	 
REQUEST	Invoke one action after each other to test latency	1		Warm nodejs:default invocation	1577020540452	1577020540517	OK	 
REQUEST	Invoke one action after each other to test latency	1		Warm nodejs:default invocation	1577020540554	1577020540612	OK	 
REQUEST	Invoke one action after each other to test latency	1		Warm nodejs:default invocation	1577020540614	1577020540658	OK	 
REQUEST	Invoke one action after each other to test latency	1		Warm nodejs:default invocation	1577020540696	1577020541022	OK	 
REQUEST	Invoke one action after each other to test latency	1		Warm nodejs:default invocation	1577020541046	1577020541088	OK	 
REQUEST	Invoke one action after each other to test latency	1		Warm nodejs:default invocation	1577020541090	1577020541313	OK	 
REQUEST	Invoke one action after each other to test latency	1		Warm nodejs:default invocation	1577020541355	1577020541713	OK	 
REQUEST	Invoke one action after each other to test latency	1		Warm nodejs:default invocation	1577020541715	1577020541804	OK	 
REQUEST	Invoke one action after each other to test latency	1		Warm nodejs:default invocation	1577020541835	1577020542130	OK	 
REQUEST	Invoke one action after each other to test latency	1		Warm nodejs:default invocation	1577020542154	1577020542341	OK	 
REQUEST	Invoke one action after each other to test latency	1		Warm nodejs:default invocation	1577020542342	1577020542409	OK	 
REQUEST	Invoke one action after each other to test latency	1		Warm nodejs:default invocation	1577020542445	1577020542492	OK	 
REQUEST	Invoke one action after each other to test latency	1		Warm nodejs:default invocation	1577020542516	1577020542602	OK	 
REQUEST	Invoke one action after each other to test latency	1		Warm nodejs:default invocation	1577020542625	1577020542775	OK	 
REQUEST	Invoke one action after each other to test latency	1		Warm nodejs:default invocation	1577020542779	1577020542926	OK	 
REQUEST	Invoke one action after each other to test latency	1		Warm nodejs:default invocation	1577020542966	1577020543054	OK	 
REQUEST	Invoke one action after each other to test latency	1		Warm nodejs:default invocation	1577020543075	1577020543121	OK	 
REQUEST	Invoke one action after each other to test latency	1		Delete nodejs:default action	1577020543123	1577020543285	OK	 
REQUEST	Invoke one action after each other to test latency	1		Create python:default action	1577020543287	1577020543515	OK	 
REQUEST	Invoke one action after each other to test latency	1		Cold python:default invocation	1577020543516	1577020547177	OK	 
REQUEST	Invoke one action after each other to test latency	1		Warm python:default invocation	1577020547178	1577020547255	OK	 
REQUEST	Invoke one action after each other to test latency	1		Warm python:default invocation	1577020547295	1577020547341	OK	 
REQUEST	Invoke one action after each other to test latency	1		Warm python:default invocation	1577020547342	1577020549976	OK	 
REQUEST	Invoke one action after each other to test latency	1		Warm python:default invocation	1577020550014	1577020550085	OK	 
REQUEST	Invoke one action after each other to test latency	1		Warm python:default invocation	1577020550115	1577020550140	OK	 
REQUEST	Invoke one action after each other to test latency	1		Warm python:default invocation	1577020550141	1577020550200	OK	 
REQUEST	Invoke one action after each other to test latency	1		Warm python:default invocation	1577020550237	1577020550288	OK	 
REQUEST	Invoke one action after each other to test latency	1		Warm python:default invocation	1577020550290	1577020550326	OK	 
REQUEST	Invoke one action after each other to test latency	1		Warm python:default invocation	1577020550365	1577020550474	OK	 
REQUEST	Invoke one action after each other to test latency	1		Warm python:default invocation	1577020550476	1577020550581	OK	 
REQUEST	Invoke one action after each other to test latency	1		Warm python:default invocation	1577020550615	1577020550747	OK	 
REQUEST	Invoke one action after each other to test latency	1		Warm python:default invocation	1577020550776	1577020550813	OK	 
REQUEST	Invoke one action after each other to test latency	1		Warm python:default invocation	1577020550815	1577020553523	OK	 
REQUEST	Invoke one action after each other to test latency	1		Warm python:default invocation	1577020553555	1577020553595	OK	 
REQUEST	Invoke one action after each other to test latency	1		Warm python:default invocation	1577020553624	1577020553646	OK	 
REQUEST	Invoke one action after each other to test latency	1		Warm python:default invocation	1577020553647	1577020553685	OK	 
REQUEST	Invoke one action after each other to test latency	1		Warm python:default invocation	1577020553725	1577020553783	OK	 
REQUEST	Invoke one action after each other to test latency	1		Warm python:default invocation	1577020553784	1577020556242	OK	 
REQUEST	Invoke one action after each other to test latency	1		Warm python:default invocation	1577020556275	1577020556325	OK	 
REQUEST	Invoke one action after each other to test latency	1		Warm python:default invocation	1577020556355	1577020556398	OK	 
REQUEST	Invoke one action after each other to test latency	1		Warm python:default invocation	1577020556400	1577020556514	OK	 
REQUEST	Invoke one action after each other to test latency	1		Warm python:default invocation	1577020556555	1577020556632	OK	 
REQUEST	Invoke one action after each other to test latency	1		Warm python:default invocation	1577020556635	1577020556695	OK	 
REQUEST	Invoke one action after each other to test latency	1		Warm python:default invocation	1577020556735	1577020556806	OK	 
REQUEST	Invoke one action after each other to test latency	1		Warm python:default invocation	1577020556808	1577020556889	OK	 
REQUEST	Invoke one action after each other to test latency	1		Warm python:default invocation	1577020556925	1577020556995	OK	 
REQUEST	Invoke one action after each other to test latency	1		Warm python:default invocation	1577020556997	1577020557044	OK	 
REQUEST	Invoke one action after each other to test latency	1		Warm python:default invocation	1577020557085	1577020557130	OK	 
REQUEST	Invoke one action after each other to test latency	1		Warm python:default invocation	1577020557131	1577020559290	OK	 
REQUEST	Invoke one action after each other to test latency	1		Warm python:default invocation	1577020559325	1577020559347	OK	 
REQUEST	Invoke one action after each other to test latency	1		Warm python:default invocation	1577020559375	1577020559405	OK	 
REQUEST	Invoke one action after each other to test latency	1		Warm python:default invocation	1577020559406	1577020559481	OK	 
REQUEST	Invoke one action after each other to test latency	1		Warm python:default invocation	1577020559515	1577020559543	OK	 
REQUEST	Invoke one action after each other to test latency	1		Warm python:default invocation	1577020559565	1577020559608	OK	 
REQUEST	Invoke one action after each other to test latency	1		Warm python:default invocation	1577020559635	1577020559708	OK	 
REQUEST	Invoke one action after each other to test latency	1		Warm python:default invocation	1577020559709	1577020559777	OK	 
REQUEST	Invoke one action after each other to test latency	1		Warm python:default invocation	1577020559815	1577020559847	OK	 
REQUEST	Invoke one action after each other to test latency	1		Warm python:default invocation	1577020559849	1577020559880	OK	 
REQUEST	Invoke one action after each other to test latency	1		Warm python:default invocation	1577020559915	1577020559965	OK	 
REQUEST	Invoke one action after each other to test latency	1		Warm python:default invocation	1577020559995	1577020560038	OK	 
REQUEST	Invoke one action after each other to test latency	1		Warm python:default invocation	1577020560040	1577020560075	OK	 
REQUEST	Invoke one action after each other to test latency	1		Warm python:default invocation	1577020560116	1577020560177	OK	 
REQUEST	Invoke one action after each other to test latency	1		Warm python:default invocation	1577020560179	1577020560221	OK	 
REQUEST	Invoke one action after each other to test latency	1		Warm python:default invocation	1577020560256	1577020563295	OK	 
REQUEST	Invoke one action after each other to test latency	1		Warm python:default invocation	1577020563296	1577020563325	OK	 
REQUEST	Invoke one action after each other to test latency	1		Warm python:default invocation	1577020563368	1577020563395	OK	 
REQUEST	Invoke one action after each other to test latency	1		Warm python:default invocation	1577020563396	1577020563441	OK	 
REQUEST	Invoke one action after each other to test latency	1		Warm python:default invocation	1577020563475	1577020563525	OK	 
REQUEST	Invoke one action after each other to test latency	1		Warm python:default invocation	1577020563555	1577020563583	OK	 
REQUEST	Invoke one action after each other to test latency	1		Warm python:default invocation	1577020563584	1577020563632	OK	 
REQUEST	Invoke one action after each other to test latency	1		Warm python:default invocation	1577020563665	1577020563711	OK	 
REQUEST	Invoke one action after each other to test latency	1		Warm python:default invocation	1577020563735	1577020563784	OK	 
REQUEST	Invoke one action after each other to test latency	1		Warm python:default invocation	1577020563786	1577020563829	OK	 
REQUEST	Invoke one action after each other to test latency	1		Warm python:default invocation	1577020563865	1577020563934	OK	 
REQUEST	Invoke one action after each other to test latency	1		Warm python:default invocation	1577020563964	1577020563985	OK	 
REQUEST	Invoke one action after each other to test latency	1		Warm python:default invocation	1577020563987	1577020564025	OK	 
REQUEST	Invoke one action after each other to test latency	1		Warm python:default invocation	1577020564065	1577020564096	OK	 
REQUEST	Invoke one action after each other to test latency	1		Warm python:default invocation	1577020564098	1577020564126	OK	 
REQUEST	Invoke one action after each other to test latency	1		Warm python:default invocation	1577020564165	1577020564217	OK	 
REQUEST	Invoke one action after each other to test latency	1		Warm python:default invocation	1577020564218	1577020564258	OK	 
REQUEST	Invoke one action after each other to test latency	1		Warm python:default invocation	1577020564295	1577020564327	OK	 
REQUEST	Invoke one action after each other to test latency	1		Warm python:default invocation	1577020564328	1577020566796	OK	 
REQUEST	Invoke one action after each other to test latency	1		Warm python:default invocation	1577020566836	1577020566960	OK	 
REQUEST	Invoke one action after each other to test latency	1		Warm python:default invocation	1577020566961	1577020567026	OK	 
REQUEST	Invoke one action after each other to test latency	1		Warm python:default invocation	1577020567064	1577020567138	OK	 
REQUEST	Invoke one action after each other to test latency	1		Warm python:default invocation	1577020567139	1577020567232	OK	 
REQUEST	Invoke one action after each other to test latency	1		Warm python:default invocation	1577020567265	1577020567340	OK	 
REQUEST	Invoke one action after each other to test latency	1		Warm python:default invocation	1577020567365	1577020567411	OK	 
REQUEST	Invoke one action after each other to test latency	1		Warm python:default invocation	1577020567412	1577020567496	OK	 
REQUEST	Invoke one action after each other to test latency	1		Warm python:default invocation	1577020567535	1577020567749	OK	 
REQUEST	Invoke one action after each other to test latency	1		Warm python:default invocation	1577020567750	1577020567831	OK	 
REQUEST	Invoke one action after each other to test latency	1		Warm python:default invocation	1577020567865	1577020567898	OK	 
REQUEST	Invoke one action after each other to test latency	1		Warm python:default invocation	1577020567926	1577020567989	OK	 
REQUEST	Invoke one action after each other to test latency	1		Warm python:default invocation	1577020567991	1577020568026	OK	 
REQUEST	Invoke one action after each other to test latency	1		Warm python:default invocation	1577020568066	1577020568099	OK	 
REQUEST	Invoke one action after each other to test latency	1		Warm python:default invocation	1577020568100	1577020568130	OK	 
REQUEST	Invoke one action after each other to test latency	1		Warm python:default invocation	1577020568166	1577020568194	OK	 
REQUEST	Invoke one action after each other to test latency	1		Warm python:default invocation	1577020568226	1577020568280	OK	 
REQUEST	Invoke one action after each other to test latency	1		Warm python:default invocation	1577020568281	1577020568329	OK	 
REQUEST	Invoke one action after each other to test latency	1		Warm python:default invocation	1577020568365	1577020568414	OK	 
REQUEST	Invoke one action after each other to test latency	1		Warm python:default invocation	1577020568416	1577020568517	OK	 
REQUEST	Invoke one action after each other to test latency	1		Warm python:default invocation	1577020568557	1577020568583	OK	 
REQUEST	Invoke one action after each other to test latency	1		Warm python:default invocation	1577020568584	1577020568652	OK	 
REQUEST	Invoke one action after each other to test latency	1		Warm python:default invocation	1577020568685	1577020568745	OK	 
REQUEST	Invoke one action after each other to test latency	1		Warm python:default invocation	1577020568775	1577020568821	OK	 
REQUEST	Invoke one action after each other to test latency	1		Warm python:default invocation	1577020568823	1577020568881	OK	 
REQUEST	Invoke one action after each other to test latency	1		Warm python:default invocation	1577020568915	1577020568962	OK	 
REQUEST	Invoke one action after each other to test latency	1		Warm python:default invocation	1577020568963	1577020569018	OK	 
REQUEST	Invoke one action after each other to test latency	1		Warm python:default invocation	1577020569054	1577020569089	OK	 
REQUEST	Invoke one action after each other to test latency	1		Warm python:default invocation	1577020569115	1577020569151	OK	 
REQUEST	Invoke one action after each other to test latency	1		Warm python:default invocation	1577020569153	1577020569230	OK	 
REQUEST	Invoke one action after each other to test latency	1		Warm python:default invocation	1577020569265	1577020569315	OK	 
REQUEST	Invoke one action after each other to test latency	1		Warm python:default invocation	1577020569344	1577020569382	OK	 
REQUEST	Invoke one action after each other to test latency	1		Warm python:default invocation	1577020569383	1577020569429	OK	 
REQUEST	Invoke one action after each other to test latency	1		Warm python:default invocation	1577020569465	1577020569544	OK	 
REQUEST	Invoke one action after each other to test latency	1		Warm python:default invocation	1577020569545	1577020569609	OK	 
REQUEST	Invoke one action after each other to test latency	1		Warm python:default invocation	1577020569645	1577020569693	OK	 
REQUEST	Invoke one action after each other to test latency	1		Warm python:default invocation	1577020569715	1577020569747	OK	 
REQUEST	Invoke one action after each other to test latency	1		Warm python:default invocation	1577020569775	1577020569802	OK	 
REQUEST	Invoke one action after each other to test latency	1		Warm python:default invocation	1577020569804	1577020572682	OK	 
REQUEST	Invoke one action after each other to test latency	1		Delete python:default action	1577020572684	1577020572777	OK	 
REQUEST	Invoke one action after each other to test latency	1		Create swift:default action	1577020572779	1577020572881	OK	 
REQUEST	Invoke one action after each other to test latency	1		Cold swift:default invocation	1577020572883	1577020578370	OK	 
REQUEST	Invoke one action after each other to test latency	1		Warm swift:default invocation	1577020578395	1577020578417	OK	 
REQUEST	Invoke one action after each other to test latency	1		Warm swift:default invocation	1577020578447	1577020578478	OK	 
REQUEST	Invoke one action after each other to test latency	1		Warm swift:default invocation	1577020578479	1577020583911	OK	 
REQUEST	Invoke one action after each other to test latency	1		Warm swift:default invocation	1577020583946	1577020583977	OK	 
REQUEST	Invoke one action after each other to test latency	1		Warm swift:default invocation	1577020584006	1577020584023	OK	 
REQUEST	Invoke one action after each other to test latency	1		Warm swift:default invocation	1577020584024	1577020584069	OK	 
REQUEST	Invoke one action after each other to test latency	1		Warm swift:default invocation	1577020584106	1577020584126	OK	 
REQUEST	Invoke one action after each other to test latency	1		Warm swift:default invocation	1577020584128	1577020588897	OK	 
REQUEST	Invoke one action after each other to test latency	1		Warm swift:default invocation	1577020588935	1577020589019	OK	 
REQUEST	Invoke one action after each other to test latency	1		Warm swift:default invocation	1577020589020	1577020589091	OK	 
REQUEST	Invoke one action after each other to test latency	1		Warm swift:default invocation	1577020589125	1577020589146	OK	 
REQUEST	Invoke one action after each other to test latency	1		Warm swift:default invocation	1577020589175	1577020589255	OK	 
REQUEST	Invoke one action after each other to test latency	1		Warm swift:default invocation	1577020589256	1577020589293	OK	 
REQUEST	Invoke one action after each other to test latency	1		Warm swift:default invocation	1577020589335	1577020589353	OK	 
REQUEST	Invoke one action after each other to test latency	1		Warm swift:default invocation	1577020589354	1577020589383	OK	 
REQUEST	Invoke one action after each other to test latency	1		Warm swift:default invocation	1577020589416	1577020594589	OK	 
REQUEST	Invoke one action after each other to test latency	1		Warm swift:default invocation	1577020594594	1577020594641	OK	 
REQUEST	Invoke one action after each other to test latency	1		Warm swift:default invocation	1577020594675	1577020594693	OK	 
REQUEST	Invoke one action after each other to test latency	1		Warm swift:default invocation	1577020594715	1577020594732	OK	 
REQUEST	Invoke one action after each other to test latency	1		Warm swift:default invocation	1577020594755	1577020594784	OK	 
REQUEST	Invoke one action after each other to test latency	1		Warm swift:default invocation	1577020594805	1577020594824	OK	 
REQUEST	Invoke one action after each other to test latency	1		Warm swift:default invocation	1577020594855	1577020594887	OK	 
REQUEST	Invoke one action after each other to test latency	1		Warm swift:default invocation	1577020594888	1577020594948	OK	 
REQUEST	Invoke one action after each other to test latency	1		Warm swift:default invocation	1577020594974	1577020595035	OK	 
REQUEST	Invoke one action after each other to test latency	1		Warm swift:default invocation	1577020595064	1577020595085	OK	 
REQUEST	Invoke one action after each other to test latency	1		Warm swift:default invocation	1577020595086	1577020595122	OK	 
REQUEST	Invoke one action after each other to test latency	1		Warm swift:default invocation	1577020595154	1577020599921	OK	 
REQUEST	Invoke one action after each other to test latency	1		Warm swift:default invocation	1577020599945	1577020599995	OK	 
REQUEST	Invoke one action after each other to test latency	1		Warm swift:default invocation	1577020599998	1577020600026	OK	 
REQUEST	Invoke one action after each other to test latency	1		Warm swift:default invocation	1577020600065	1577020600092	OK	 
REQUEST	Invoke one action after each other to test latency	1		Warm swift:default invocation	1577020600094	1577020600163	OK	 
REQUEST	Invoke one action after each other to test latency	1		Warm swift:default invocation	1577020600195	1577020600234	OK	 
REQUEST	Invoke one action after each other to test latency	1		Warm swift:default invocation	1577020600255	1577020600295	OK	 
REQUEST	Invoke one action after each other to test latency	1		Warm swift:default invocation	1577020600325	1577020600347	OK	 
REQUEST	Invoke one action after each other to test latency	1		Warm swift:default invocation	1577020600348	1577020600392	OK	 
REQUEST	Invoke one action after each other to test latency	1		Warm swift:default invocation	1577020600425	1577020600483	OK	 
REQUEST	Invoke one action after each other to test latency	1		Warm swift:default invocation	1577020600505	1577020600542	OK	 
REQUEST	Invoke one action after each other to test latency	1		Warm swift:default invocation	1577020600566	1577020600617	OK	 
REQUEST	Invoke one action after each other to test latency	1		Warm swift:default invocation	1577020600645	1577020600692	OK	 
REQUEST	Invoke one action after each other to test latency	1		Warm swift:default invocation	1577020600694	1577020600749	OK	 
REQUEST	Invoke one action after each other to test latency	1		Warm swift:default invocation	1577020600785	1577020600818	OK	 
REQUEST	Invoke one action after each other to test latency	1		Warm swift:default invocation	1577020600819	1577020600868	OK	 
REQUEST	Invoke one action after each other to test latency	1		Warm swift:default invocation	1577020600905	1577020600928	OK	 
REQUEST	Invoke one action after each other to test latency	1		Warm swift:default invocation	1577020600929	1577020600991	OK	 
REQUEST	Invoke one action after each other to test latency	1		Warm swift:default invocation	1577020601026	1577020601046	OK	 
REQUEST	Invoke one action after each other to test latency	1		Warm swift:default invocation	1577020601074	1577020601106	OK	 
REQUEST	Invoke one action after each other to test latency	1		Warm swift:default invocation	1577020601108	1577020601193	OK	 
REQUEST	Invoke one action after each other to test latency	1		Warm swift:default invocation	1577020601226	1577020601275	OK	 
REQUEST	Invoke one action after each other to test latency	1		Warm swift:default invocation	1577020601304	1577020601373	OK	 
REQUEST	Invoke one action after each other to test latency	1		Warm swift:default invocation	1577020601375	1577020606400	OK	 
REQUEST	Invoke one action after each other to test latency	1		Warm swift:default invocation	1577020606439	1577020606478	OK	 
REQUEST	Invoke one action after each other to test latency	1		Warm swift:default invocation	1577020606479	1577020606537	OK	 
REQUEST	Invoke one action after each other to test latency	1		Warm swift:default invocation	1577020606576	1577020606599	OK	 
REQUEST	Invoke one action after each other to test latency	1		Warm swift:default invocation	1577020606600	1577020606636	OK	 
REQUEST	Invoke one action after each other to test latency	1		Warm swift:default invocation	1577020606675	1577020606693	OK	 
REQUEST	Invoke one action after each other to test latency	1		Warm swift:default invocation	1577020606715	1577020606740	OK	 
REQUEST	Invoke one action after each other to test latency	1		Warm swift:default invocation	1577020606741	1577020606801	OK	 
REQUEST	Invoke one action after each other to test latency	1		Warm swift:default invocation	1577020606835	1577020606891	OK	 
REQUEST	Invoke one action after each other to test latency	1		Warm swift:default invocation	1577020606914	1577020606947	OK	 
REQUEST	Invoke one action after each other to test latency	1		Warm swift:default invocation	1577020606974	1577020606995	OK	 
REQUEST	Invoke one action after each other to test latency	1		Warm swift:default invocation	1577020606996	1577020607032	OK	 
REQUEST	Invoke one action after each other to test latency	1		Warm swift:default invocation	1577020607065	1577020607088	OK	 
REQUEST	Invoke one action after each other to test latency	1		Warm swift:default invocation	1577020607116	1577020607140	OK	 
REQUEST	Invoke one action after each other to test latency	1		Warm swift:default invocation	1577020607142	1577020607172	OK	 
REQUEST	Invoke one action after each other to test latency	1		Warm swift:default invocation	1577020607205	1577020607241	OK	 
REQUEST	Invoke one action after each other to test latency	1		Warm swift:default invocation	1577020607265	1577020607285	OK	 
REQUEST	Invoke one action after each other to test latency	1		Warm swift:default invocation	1577020607286	1577020607330	OK	 
REQUEST	Invoke one action after each other to test latency	1		Warm swift:default invocation	1577020607365	1577020607385	OK	 
REQUEST	Invoke one action after each other to test latency	1		Warm swift:default invocation	1577020607416	1577020607496	OK	 
REQUEST	Invoke one action after each other to test latency	1		Warm swift:default invocation	1577020607497	1577020607575	OK	 
REQUEST	Invoke one action after each other to test latency	1		Warm swift:default invocation	1577020607605	1577020607689	OK	 
REQUEST	Invoke one action after each other to test latency	1		Warm swift:default invocation	1577020607690	1577020607737	OK	 
REQUEST	Invoke one action after each other to test latency	1		Warm swift:default invocation	1577020607776	1577020607828	OK	 
REQUEST	Invoke one action after each other to test latency	1		Warm swift:default invocation	1577020607855	1577020607937	OK	 
REQUEST	Invoke one action after each other to test latency	1		Warm swift:default invocation	1577020607938	1577020607984	OK	 
REQUEST	Invoke one action after each other to test latency	1		Warm swift:default invocation	1577020608015	1577020608064	OK	 
REQUEST	Invoke one action after each other to test latency	1		Warm swift:default invocation	1577020608094	1577020608130	OK	 
REQUEST	Invoke one action after each other to test latency	1		Warm swift:default invocation	1577020608131	1577020608200	OK	 
REQUEST	Invoke one action after each other to test latency	1		Warm swift:default invocation	1577020608235	1577020608310	OK	 
REQUEST	Invoke one action after each other to test latency	1		Warm swift:default invocation	1577020608311	1577020608400	OK	 
REQUEST	Invoke one action after each other to test latency	1		Warm swift:default invocation	1577020608435	1577020608502	OK	 
REQUEST	Invoke one action after each other to test latency	1		Warm swift:default invocation	1577020608526	1577020608586	OK	 
REQUEST	Invoke one action after each other to test latency	1		Warm swift:default invocation	1577020608615	1577020614481	OK	 
REQUEST	Invoke one action after each other to test latency	1		Warm swift:default invocation	1577020614482	1577020614539	OK	 
REQUEST	Invoke one action after each other to test latency	1		Warm swift:default invocation	1577020614575	1577020614598	OK	 
REQUEST	Invoke one action after each other to test latency	1		Warm swift:default invocation	1577020614599	1577020614629	OK	 
REQUEST	Invoke one action after each other to test latency	1		Warm swift:default invocation	1577020614664	1577020614681	OK	 
REQUEST	Invoke one action after each other to test latency	1		Warm swift:default invocation	1577020614706	1577020614729	OK	 
REQUEST	Invoke one action after each other to test latency	1		Warm swift:default invocation	1577020614730	1577020614770	OK	 
REQUEST	Invoke one action after each other to test latency	1		Warm swift:default invocation	1577020614806	1577020614825	OK	 
REQUEST	Invoke one action after each other to test latency	1		Warm swift:default invocation	1577020614856	1577020614886	OK	 
REQUEST	Invoke one action after each other to test latency	1		Warm swift:default invocation	1577020614887	1577020614910	OK	 
REQUEST	Invoke one action after each other to test latency	1		Warm swift:default invocation	1577020614945	1577020614973	OK	 
REQUEST	Invoke one action after each other to test latency	1		Warm swift:default invocation	1577020614974	1577020615021	OK	 
REQUEST	Invoke one action after each other to test latency	1		Warm swift:default invocation	1577020615056	1577020615082	OK	 
REQUEST	Invoke one action after each other to test latency	1		Warm swift:default invocation	1577020615106	1577020615149	OK	 
REQUEST	Invoke one action after each other to test latency	1		Warm swift:default invocation	1577020615150	1577020615199	OK	 
REQUEST	Invoke one action after each other to test latency	1		Warm swift:default invocation	1577020615235	1577020615274	OK	 
REQUEST	Invoke one action after each other to test latency	1		Warm swift:default invocation	1577020615295	1577020615360	OK	 
REQUEST	Invoke one action after each other to test latency	1		Warm swift:default invocation	1577020615384	1577020615413	OK	 
REQUEST	Invoke one action after each other to test latency	1		Delete swift:default action	1577020615414	1577020615477	OK	 
REQUEST	Invoke one action after each other to test latency	1		Create java:default action	1577020615479	1577020615556	OK	 
REQUEST	Invoke one action after each other to test latency	1		Cold java:default invocation	1577020615556	1577020618597	OK	 
REQUEST	Invoke one action after each other to test latency	1		Warm java:default invocation	1577020618598	1577020621074	OK	 
REQUEST	Invoke one action after each other to test latency	1		Warm java:default invocation	1577020621104	1577020621138	OK	 
REQUEST	Invoke one action after each other to test latency	1		Warm java:default invocation	1577020621166	1577020623703	OK	 
REQUEST	Invoke one action after each other to test latency	1		Warm java:default invocation	1577020623704	1577020623752	OK	 
REQUEST	Invoke one action after each other to test latency	1		Warm java:default invocation	1577020623785	1577020623841	OK	 
REQUEST	Invoke one action after each other to test latency	1		Warm java:default invocation	1577020623864	1577020623922	OK	 
REQUEST	Invoke one action after each other to test latency	1		Warm java:default invocation	1577020623945	1577020624011	OK	 
REQUEST	Invoke one action after each other to test latency	1		Warm java:default invocation	1577020624035	1577020624101	OK	 
REQUEST	Invoke one action after each other to test latency	1		Warm java:default invocation	1577020624102	1577020624162	OK	 
REQUEST	Invoke one action after each other to test latency	1		Warm java:default invocation	1577020624195	1577020624243	OK	 
REQUEST	Invoke one action after each other to test latency	1		Warm java:default invocation	1577020624266	1577020624297	OK	 
REQUEST	Invoke one action after each other to test latency	1		Warm java:default invocation	1577020624325	1577020624399	OK	 
REQUEST	Invoke one action after each other to test latency	1		Warm java:default invocation	1577020624400	1577020624486	OK	 
REQUEST	Invoke one action after each other to test latency	1		Warm java:default invocation	1577020624525	1577020624584	OK	 
REQUEST	Invoke one action after each other to test latency	1		Warm java:default invocation	1577020624585	1577020624632	OK	 
REQUEST	Invoke one action after each other to test latency	1		Warm java:default invocation	1577020624665	1577020624721	OK	 
REQUEST	Invoke one action after each other to test latency	1		Warm java:default invocation	1577020624744	1577020624771	OK	 
REQUEST	Invoke one action after each other to test latency	1		Warm java:default invocation	1577020624772	1577020624807	OK	 
REQUEST	Invoke one action after each other to test latency	1		Warm java:default invocation	1577020624844	1577020624864	OK	 
REQUEST	Invoke one action after each other to test latency	1		Warm java:default invocation	1577020624895	1577020624921	OK	 
REQUEST	Invoke one action after each other to test latency	1		Warm java:default invocation	1577020624922	1577020624994	OK	 
REQUEST	Invoke one action after each other to test latency	1		Warm java:default invocation	1577020625035	1577020625060	OK	 
REQUEST	Invoke one action after each other to test latency	1		Warm java:default invocation	1577020625061	1577020625096	OK	 
REQUEST	Invoke one action after each other to test latency	1		Warm java:default invocation	1577020625135	1577020625169	OK	 
REQUEST	Invoke one action after each other to test latency	1		Warm java:default invocation	1577020625170	1577020628322	OK	 
REQUEST	Invoke one action after each other to test latency	1		Warm java:default invocation	1577020628356	1577020628378	OK	 
REQUEST	Invoke one action after each other to test latency	1		Warm java:default invocation	1577020628379	1577020628407	OK	 
REQUEST	Invoke one action after each other to test latency	1		Warm java:default invocation	1577020628446	1577020628479	OK	 
REQUEST	Invoke one action after each other to test latency	1		Warm java:default invocation	1577020628480	1577020628515	OK	 
REQUEST	Invoke one action after each other to test latency	1		Warm java:default invocation	1577020628556	1577020628592	OK	 
REQUEST	Invoke one action after each other to test latency	1		Warm java:default invocation	1577020628615	1577020628655	OK	 
REQUEST	Invoke one action after each other to test latency	1		Warm java:default invocation	1577020628656	1577020628719	OK	 
REQUEST	Invoke one action after each other to test latency	1		Warm java:default invocation	1577020628756	1577020628796	OK	 
REQUEST	Invoke one action after each other to test latency	1		Warm java:default invocation	1577020628824	1577020628863	OK	 
REQUEST	Invoke one action after each other to test latency	1		Warm java:default invocation	1577020628865	1577020628935	OK	 
REQUEST	Invoke one action after each other to test latency	1		Warm java:default invocation	1577020628977	1577020629042	OK	 
REQUEST	Invoke one action after each other to test latency	1		Warm java:default invocation	1577020629043	1577020629117	OK	 
REQUEST	Invoke one action after each other to test latency	1		Warm java:default invocation	1577020629156	1577020629177	OK	 
REQUEST	Invoke one action after each other to test latency	1		Warm java:default invocation	1577020629178	1577020629249	OK	 
REQUEST	Invoke one action after each other to test latency	1		Warm java:default invocation	1577020629285	1577020629322	OK	 
REQUEST	Invoke one action after each other to test latency	1		Warm java:default invocation	1577020629323	1577020629380	OK	 
REQUEST	Invoke one action after each other to test latency	1		Warm java:default invocation	1577020629415	1577020629484	OK	 
REQUEST	Invoke one action after each other to test latency	1		Warm java:default invocation	1577020629514	1577020631722	OK	 
REQUEST	Invoke one action after each other to test latency	1		Warm java:default invocation	1577020631723	1577020631760	OK	 
REQUEST	Invoke one action after each other to test latency	1		Warm java:default invocation	1577020631796	1577020631821	OK	 
REQUEST	Invoke one action after each other to test latency	1		Warm java:default invocation	1577020631822	1577020631892	OK	 
REQUEST	Invoke one action after each other to test latency	1		Warm java:default invocation	1577020631925	1577020631990	OK	 
REQUEST	Invoke one action after each other to test latency	1		Warm java:default invocation	1577020632016	1577020632041	OK	 
REQUEST	Invoke one action after each other to test latency	1		Warm java:default invocation	1577020632065	1577020632093	OK	 
REQUEST	Invoke one action after each other to test latency	1		Warm java:default invocation	1577020632094	1577020632153	OK	 
REQUEST	Invoke one action after each other to test latency	1		Warm java:default invocation	1577020632186	1577020632227	OK	 
REQUEST	Invoke one action after each other to test latency	1		Warm java:default invocation	1577020632257	1577020632281	OK	 
REQUEST	Invoke one action after each other to test latency	1		Warm java:default invocation	1577020632283	1577020632341	OK	 
REQUEST	Invoke one action after each other to test latency	1		Warm java:default invocation	1577020632375	1577020632454	OK	 
REQUEST	Invoke one action after each other to test latency	1		Warm java:default invocation	1577020632476	1577020632520	OK	 
REQUEST	Invoke one action after each other to test latency	1		Warm java:default invocation	1577020632521	1577020632569	OK	 
REQUEST	Invoke one action after each other to test latency	1		Warm java:default invocation	1577020632607	1577020632640	OK	 
REQUEST	Invoke one action after each other to test latency	1		Warm java:default invocation	1577020632665	1577020632708	OK	 
REQUEST	Invoke one action after each other to test latency	1		Warm java:default invocation	1577020632709	1577020635355	OK	 
REQUEST	Invoke one action after each other to test latency	1		Warm java:default invocation	1577020635395	1577020635452	OK	 
REQUEST	Invoke one action after each other to test latency	1		Warm java:default invocation	1577020635453	1577020635504	OK	 
REQUEST	Invoke one action after each other to test latency	1		Warm java:default invocation	1577020635535	1577020635573	OK	 
REQUEST	Invoke one action after each other to test latency	1		Warm java:default invocation	1577020635595	1577020635675	OK	 
REQUEST	Invoke one action after each other to test latency	1		Warm java:default invocation	1577020635707	1577020635740	OK	 
REQUEST	Invoke one action after each other to test latency	1		Warm java:default invocation	1577020635741	1577020635789	OK	 
REQUEST	Invoke one action after each other to test latency	1		Warm java:default invocation	1577020635825	1577020635870	OK	 
REQUEST	Invoke one action after each other to test latency	1		Warm java:default invocation	1577020635871	1577020635905	OK	 
REQUEST	Invoke one action after each other to test latency	1		Warm java:default invocation	1577020635945	1577020635979	OK	 
REQUEST	Invoke one action after each other to test latency	1		Warm java:default invocation	1577020635981	1577020636025	OK	 
REQUEST	Invoke one action after each other to test latency	1		Warm java:default invocation	1577020636065	1577020636111	OK	 
REQUEST	Invoke one action after each other to test latency	1		Warm java:default invocation	1577020636113	1577020636167	OK	 
REQUEST	Invoke one action after each other to test latency	1		Warm java:default invocation	1577020636206	1577020636275	OK	 
REQUEST	Invoke one action after each other to test latency	1		Warm java:default invocation	1577020636276	1577020636347	OK	 
REQUEST	Invoke one action after each other to test latency	1		Warm java:default invocation	1577020636385	1577020636419	OK	 
REQUEST	Invoke one action after each other to test latency	1		Warm java:default invocation	1577020636445	1577020636517	OK	 
REQUEST	Invoke one action after each other to test latency	1		Warm java:default invocation	1577020636518	1577020636605	OK	 
REQUEST	Invoke one action after each other to test latency	1		Warm java:default invocation	1577020636645	1577020636666	OK	 
REQUEST	Invoke one action after each other to test latency	1		Warm java:default invocation	1577020636667	1577020639383	OK	 
REQUEST	Invoke one action after each other to test latency	1		Warm java:default invocation	1577020639415	1577020639462	OK	 
REQUEST	Invoke one action after each other to test latency	1		Warm java:default invocation	1577020639487	1577020639523	OK	 
REQUEST	Invoke one action after each other to test latency	1		Warm java:default invocation	1577020639544	1577020639648	OK	 
REQUEST	Invoke one action after each other to test latency	1		Warm java:default invocation	1577020639649	1577020639751	OK	 
REQUEST	Invoke one action after each other to test latency	1		Warm java:default invocation	1577020639786	1577020639809	OK	 
REQUEST	Invoke one action after each other to test latency	1		Warm java:default invocation	1577020639835	1577020639895	OK	 
REQUEST	Invoke one action after each other to test latency	1		Warm java:default invocation	1577020639925	1577020639957	OK	 
REQUEST	Invoke one action after each other to test latency	1		Warm java:default invocation	1577020639958	1577020640045	OK	 
REQUEST	Invoke one action after each other to test latency	1		Warm java:default invocation	1577020640084	1577020640182	OK	 
REQUEST	Invoke one action after each other to test latency	1		Warm java:default invocation	1577020640183	1577020640233	OK	 
REQUEST	Invoke one action after each other to test latency	1		Warm java:default invocation	1577020640265	1577020640327	OK	 
REQUEST	Invoke one action after each other to test latency	1		Warm java:default invocation	1577020640357	1577020640406	OK	 
REQUEST	Invoke one action after each other to test latency	1		Warm java:default invocation	1577020640407	1577020640493	OK	 
REQUEST	Invoke one action after each other to test latency	1		Warm java:default invocation	1577020640525	1577020640571	OK	 
REQUEST	Invoke one action after each other to test latency	1		Warm java:default invocation	1577020640572	1577020640608	OK	 
REQUEST	Invoke one action after each other to test latency	1		Warm java:default invocation	1577020640645	1577020640673	OK	 
REQUEST	Invoke one action after each other to test latency	1		Warm java:default invocation	1577020640694	1577020640720	OK	 
REQUEST	Invoke one action after each other to test latency	1		Warm java:default invocation	1577020640744	1577020640786	OK	 
REQUEST	Invoke one action after each other to test latency	1		Warm java:default invocation	1577020640787	1577020643630	OK	 
REQUEST	Invoke one action after each other to test latency	1		Warm java:default invocation	1577020643665	1577020643697	OK	 
REQUEST	Invoke one action after each other to test latency	1		Warm java:default invocation	1577020643725	1577020643748	OK	 
REQUEST	Invoke one action after each other to test latency	1		Warm java:default invocation	1577020643749	1577020643790	OK	 
REQUEST	Invoke one action after each other to test latency	1		Delete java:default action	1577020643791	1577020643832	OK	 
USER	Invoke one action after each other to test latency	1	END	1577020508641	1577020643835
